Log file open, 10/19/20 16:49:41
LogInit: Display: Running engine for game: Capstone
LogPlatformFile: Not using cached read wrapper
LogTaskGraph: Started task graph with 5 named threads and 47 total threads with 3 sets of task threads.
LogStats: Stats thread started at 0.266931
LogD3D11RHI: Loaded GFSDK_Aftermath_Lib.x64.dll
LogICUInternationalization: ICU TimeZone Detection - Raw Offset: -5:00, Platform Override: ''
LogPluginManager: Mounting plugin Paper2D
LogPluginManager: Mounting plugin AISupport
LogPluginManager: Mounting plugin LightPropagationVolume
LogPluginManager: Mounting plugin CameraShakePreviewer
LogPluginManager: Mounting plugin ActorLayerUtilities
LogPluginManager: Mounting plugin AnimationSharing
LogPluginManager: Mounting plugin CLionSourceCodeAccess
LogPluginManager: Mounting plugin CodeLiteSourceCodeAccess
LogPluginManager: Mounting plugin GitSourceControl
LogPluginManager: Mounting plugin KDevelopSourceCodeAccess
LogPluginManager: Mounting plugin NullSourceCodeAccess
LogPluginManager: Mounting plugin PerforceSourceControl
LogPluginManager: Mounting plugin PlasticSourceControl
LogPluginManager: Mounting plugin RiderLink
LogPluginManager: Mounting plugin RiderSourceCodeAccess
LogPluginManager: Mounting plugin SubversionSourceControl
LogPluginManager: Mounting plugin UObjectPlugin
LogPluginManager: Mounting plugin VisualStudioCodeSourceCodeAccess
LogPluginManager: Mounting plugin VisualStudioSourceCodeAccess
LogPluginManager: Mounting plugin XCodeSourceCodeAccess
LogPluginManager: Mounting plugin AssetManagerEditor
LogPluginManager: Mounting plugin CryptoKeys
LogPluginManager: Mounting plugin CurveEditorTools
LogPluginManager: Mounting plugin DataValidation
LogPluginManager: Mounting plugin EditorScriptingUtilities
LogPluginManager: Mounting plugin FacialAnimation
LogPluginManager: Mounting plugin GameplayTagsEditor
LogPluginManager: Mounting plugin GeometryMode
LogPluginManager: Mounting plugin MacGraphicsSwitching
LogPluginManager: Mounting plugin MaterialAnalyzer
LogPluginManager: Mounting plugin MobileLauncherProfileWizard
LogPluginManager: Mounting plugin PluginBrowser
LogPluginManager: Mounting plugin SpeedTreeImporter
LogPluginManager: Mounting plugin DatasmithContent
LogPluginManager: Mounting plugin VariantManagerContent
LogPluginManager: Mounting plugin AlembicImporter
LogPluginManager: Mounting plugin AutomationUtils
LogPluginManager: Mounting plugin BackChannel
LogPluginManager: Mounting plugin ChaosCloth
LogPluginManager: Mounting plugin ChaosClothEditor
LogPluginManager: Mounting plugin ChaosEditor
LogPluginManager: Mounting plugin ChaosNiagara
LogPluginManager: Mounting plugin ChaosSolverPlugin
LogPluginManager: Mounting plugin CharacterAI
LogPluginManager: Mounting plugin GeometryCache
LogPluginManager: Mounting plugin GeometryCollectionPlugin
LogPluginManager: Mounting plugin GeometryProcessing
LogPluginManager: Mounting plugin PlanarCut
LogPluginManager: Mounting plugin PlatformCrypto
LogPluginManager: Mounting plugin ProxyLODPlugin
LogPluginManager: Mounting plugin PythonScriptPlugin
LogPluginManager: Mounting plugin SkeletalReduction
LogPluginManager: Mounting plugin Niagara
LogPluginManager: Mounting plugin MagicLeap
LogPluginManager: Mounting plugin MagicLeapLightEstimation
LogPluginManager: Mounting plugin MagicLeapMedia
LogPluginManager: Mounting plugin MagicLeapPassableWorld
LogPluginManager: Mounting plugin MLSDK
LogPluginManager: Mounting plugin AndroidMedia
LogPluginManager: Mounting plugin AvfMedia
LogPluginManager: Mounting plugin ImgMedia
LogPluginManager: Mounting plugin MediaCompositing
LogPluginManager: Mounting plugin MediaPlayerEditor
LogPluginManager: Mounting plugin WebMMedia
LogPluginManager: Mounting plugin WmfMedia
LogPluginManager: Mounting plugin MegascansPlugin
LogPluginManager: Mounting plugin MeshPainting
LogPluginManager: Mounting plugin TcpMessaging
LogPluginManager: Mounting plugin UdpMessaging
LogPluginManager: Mounting plugin ActorSequence
LogPluginManager: Mounting plugin LevelSequenceEditor
LogPluginManager: Mounting plugin MatineeToLevelSequence
LogPluginManager: Mounting plugin MovieRenderPipeline
LogPluginManager: Mounting plugin TemplateSequence
LogPluginManager: Mounting plugin NetcodeUnitTest
LogPluginManager: Mounting plugin NUTUnrealEngine4
LogPluginManager: Mounting plugin OnlineSubsystemGooglePlay
LogPluginManager: Mounting plugin OnlineSubsystemIOS
LogPluginManager: Mounting plugin OnlineSubsystem
LogPluginManager: Mounting plugin OnlineSubsystemNull
LogPluginManager: Mounting plugin OnlineSubsystemUtils
LogPluginManager: Mounting plugin LauncherChunkInstaller
LogPluginManager: Mounting plugin AndroidDeviceProfileSelector
LogPluginManager: Mounting plugin AndroidMoviePlayer
LogPluginManager: Mounting plugin AndroidPermission
LogPluginManager: Mounting plugin AppleImageUtils
LogPluginManager: Mounting plugin AppleMoviePlayer
LogPluginManager: Mounting plugin ArchVisCharacter
LogPluginManager: Mounting plugin AssetTags
LogPluginManager: Mounting plugin AudioCapture
LogPluginManager: Mounting plugin CableComponent
LogPluginManager: Mounting plugin CustomMeshComponent
LogPluginManager: Mounting plugin EditableMesh
LogPluginManager: Mounting plugin ExampleDeviceProfileSelector
LogPluginManager: Mounting plugin GoogleCloudMessaging
LogPluginManager: Mounting plugin GooglePAD
LogPluginManager: Mounting plugin IOSDeviceProfileSelector
LogPluginManager: Mounting plugin LinuxDeviceProfileSelector
LogPluginManager: Mounting plugin LocationServicesBPLibrary
LogPluginManager: Mounting plugin MobilePatchingUtils
LogPluginManager: Mounting plugin OculusVR
LogPluginManager: Mounting plugin PhysXVehicles
LogPluginManager: Mounting plugin PostSplashScreen
LogPluginManager: Mounting plugin ProceduralMeshComponent
LogPluginManager: Mounting plugin RuntimePhysXCooking
LogPluginManager: Mounting plugin SignificanceManager
LogPluginManager: Mounting plugin SoundFields
LogPluginManager: Mounting plugin SteamVR
LogPluginManager: Mounting plugin Synthesis
LogPluginManager: Mounting plugin WebMMoviePlayer
LogPluginManager: Mounting plugin WindowsMoviePlayer
LogPluginManager: Mounting plugin ScreenshotTools
LogInit: Using libcurl 7.55.1-DEV
LogInit:  - built for x86_64-pc-win32
LogInit:  - supports SSL with OpenSSL/1.1.1
LogInit:  - supports HTTP deflate (compression) using libz 1.2.8
LogInit:  - other features:
LogInit:      CURL_VERSION_SSL
LogInit:      CURL_VERSION_LIBZ
LogInit:      CURL_VERSION_IPV6
LogInit:      CURL_VERSION_ASYNCHDNS
LogInit:      CURL_VERSION_LARGEFILE
LogInit:      CURL_VERSION_IDN
LogInit:  CurlRequestOptions (configurable via config and command line):
LogInit:  - bVerifyPeer = true  - Libcurl will verify peer certificate
LogInit:  - bUseHttpProxy = false  - Libcurl will NOT use HTTP proxy
LogInit:  - bDontReuseConnections = false  - Libcurl will reuse connections
LogInit:  - MaxHostConnections = 16  - Libcurl will limit the number of connections to a host
LogInit:  - LocalHostAddr = Default
LogInit:  - BufferSize = 65536
LogOnline: OSS: Creating online subsystem instance for: NULL
LogInit: WinSock: version 1.1 (2.2), MaxSocks=32767, MaxUdp=65467
LogOnline: OSS: TryLoadSubsystemAndSetDefault: Loaded subsystem for module [NULL]
LogInit: Build: ++UE4+Release-4.25-CL-13942748
LogInit: Engine Version: 4.25.3-13942748+++UE4+Release-4.25
LogInit: Compatible Engine Version: 4.25.0-13144385+++UE4+Release-4.25
LogInit: Net CL: 13144385
LogInit: OS: Windows 10 (Release 2004) (), CPU: AMD Ryzen 7 1700X Eight-Core Processor         , GPU: NVIDIA GeForce GTX 1070
LogInit: Compiled (64-bit): Jul 25 2020 02:07:48
LogInit: Compiled with Visual C++: 19.24.28315.00
LogInit: Build Configuration: Development
LogInit: Branch Name: ++UE4+Release-4.25
LogInit: Command Line: 
LogInit: Base Directory: C:/Program Files/Epic Games/UE_4.25/Engine/Binaries/Win64/
LogInit: Allocator: TBB
LogInit: Installed Engine Build: 1
LogDevObjectVersion: Number of dev versions registered: 26
LogDevObjectVersion:   Dev-Blueprints (B0D832E4-1F89-4F0D-ACCF-7EB736FD4AA2): 10
LogDevObjectVersion:   Dev-Build (E1C64328-A22C-4D53-A36C-8E866417BD8C): 0
LogDevObjectVersion:   Dev-Core (375EC13C-06E4-48FB-B500-84F0262A717E): 4
LogDevObjectVersion:   Dev-Editor (E4B068ED-F494-42E9-A231-DA0B2E46BB41): 38
LogDevObjectVersion:   Dev-Framework (CFFC743F-43B0-4480-9391-14DF171D2073): 37
LogDevObjectVersion:   Dev-Mobile (B02B49B5-BB20-44E9-A304-32B752E40360): 2
LogDevObjectVersion:   Dev-Networking (A4E4105C-59A1-49B5-A7C5-40C4547EDFEE): 0
LogDevObjectVersion:   Dev-Online (39C831C9-5AE6-47DC-9A44-9C173E1C8E7C): 0
LogDevObjectVersion:   Dev-Physics (78F01B33-EBEA-4F98-B9B4-84EACCB95AA2): 4
LogDevObjectVersion:   Dev-Platform (6631380F-2D4D-43E0-8009-CF276956A95A): 0
LogDevObjectVersion:   Dev-Rendering (12F88B9F-8875-4AFC-A67C-D90C383ABD29): 43
LogDevObjectVersion:   Dev-Sequencer (7B5AE74C-D270-4C10-A958-57980B212A5A): 12
LogDevObjectVersion:   Dev-VR (D7296918-1DD6-4BDD-9DE2-64A83CC13884): 3
LogDevObjectVersion:   Dev-LoadTimes (C2A15278-BFE7-4AFE-6C17-90FF531DF755): 1
LogDevObjectVersion:   Private-Geometry (6EACA3D4-40EC-4CC1-B786-8BED09428FC5): 3
LogDevObjectVersion:   Dev-AnimPhys (29E575DD-E0A3-4627-9D10-D276232CDCEA): 17
LogDevObjectVersion:   Dev-Anim (AF43A65D-7FD3-4947-9873-3E8ED9C1BB05): 7
LogDevObjectVersion:   Dev-ReflectionCapture (6B266CEC-1EC7-4B8F-A30B-E4D90942FC07): 1
LogDevObjectVersion:   Dev-Automation (0DF73D61-A23F-47EA-B727-89E90C41499A): 1
LogDevObjectVersion:   FortniteMain (601D1886-AC64-4F84-AA16-D3DE0DEAC7D6): 31
LogDevObjectVersion:   Dev-Enterprise (9DFFBCD6-494F-0158-E221-12823C92A888): 10
LogDevObjectVersion:   Dev-Niagara (F2AED0AC-9AFE-416F-8664-AA7FFA26D6FC): 1
LogDevObjectVersion:   Dev-Destruction (174F1F0B-B4C6-45A5-B13F-2EE8D0FB917D): 10
LogDevObjectVersion:   Dev-Physics-Ext (35F94A83-E258-406C-A318-09F59610247C): 37
LogDevObjectVersion:   Dev-PhysicsMaterial-Chaos (B68FC16E-8B1B-42E2-B453-215C058844FE): 1
LogDevObjectVersion:   Dev-CineCamera (B2E18506-4273-CFC2-A54E-F4BB758BBA07): 1
LogInit: Presizing for max 25165824 objects, including 0 objects not considered by GC, pre-allocating 0 bytes for permanent pool.
LogConfig: Applying CVar settings from Section [/Script/Engine.StreamingSettings] File [C:/Users/troy/Documents/Repositories/Githubslabs/CIT419Capstone/Capstone/Saved/Config/Windows/Engine.ini]
LogConfig: Setting CVar [[s.MinBulkDataSizeForAsyncLoading:131072]]
LogConfig: Setting CVar [[s.AsyncLoadingThreadEnabled:0]]
LogConfig: Setting CVar [[s.EventDrivenLoaderEnabled:1]]
LogConfig: Setting CVar [[s.WarnIfTimeLimitExceeded:0]]
LogConfig: Setting CVar [[s.TimeLimitExceededMultiplier:1.5]]
LogConfig: Setting CVar [[s.TimeLimitExceededMinTime:0.005]]
LogConfig: Setting CVar [[s.UseBackgroundLevelStreaming:1]]
LogConfig: Setting CVar [[s.PriorityAsyncLoadingExtraTime:15.0]]
LogConfig: Setting CVar [[s.LevelStreamingActorsUpdateTimeLimit:5.0]]
LogConfig: Setting CVar [[s.PriorityLevelStreamingActorsUpdateExtraTime:5.0]]
LogConfig: Setting CVar [[s.LevelStreamingComponentsRegistrationGranularity:10]]
LogConfig: Setting CVar [[s.UnregisterComponentsTimeLimit:1.0]]
LogConfig: Setting CVar [[s.LevelStreamingComponentsUnregistrationGranularity:5]]
LogConfig: Setting CVar [[s.FlushStreamingOnExit:1]]
LogInit: Object subsystem initialized
LogConfig: Setting CVar [[con.DebugEarlyDefault:1]]
LogConfig: Setting CVar [[r.setres:1280x720]]
[2020.10.19-20.49.42:396][  0]LogConfig: Setting CVar [[r.VSync:0]]
[2020.10.19-20.49.42:396][  0]LogConfig: Setting CVar [[r.RHICmdBypass:0]]
[2020.10.19-20.49.42:396][  0]LogConfig: Applying CVar settings from Section [/Script/Engine.RendererSettings] File [C:/Users/troy/Documents/Repositories/Githubslabs/CIT419Capstone/Capstone/Saved/Config/Windows/Engine.ini]
[2020.10.19-20.49.42:396][  0]LogConfig: Setting CVar [[r.GPUCrashDebugging:0]]
[2020.10.19-20.49.42:396][  0]LogConfig: Applying CVar settings from Section [/Script/Engine.RendererOverrideSettings] File [C:/Users/troy/Documents/Repositories/Githubslabs/CIT419Capstone/Capstone/Saved/Config/Windows/Engine.ini]
[2020.10.19-20.49.42:396][  0]LogConfig: Applying CVar settings from Section [/Script/Engine.StreamingSettings] File [C:/Users/troy/Documents/Repositories/Githubslabs/CIT419Capstone/Capstone/Saved/Config/Windows/Engine.ini]
[2020.10.19-20.49.42:396][  0]LogConfig: Setting CVar [[s.MinBulkDataSizeForAsyncLoading:131072]]
[2020.10.19-20.49.42:396][  0]LogConfig: Setting CVar [[s.AsyncLoadingThreadEnabled:0]]
[2020.10.19-20.49.42:396][  0]LogConfig: Setting CVar [[s.EventDrivenLoaderEnabled:1]]
[2020.10.19-20.49.42:396][  0]LogConfig: Setting CVar [[s.WarnIfTimeLimitExceeded:0]]
[2020.10.19-20.49.42:396][  0]LogConfig: Setting CVar [[s.TimeLimitExceededMultiplier:1.5]]
[2020.10.19-20.49.42:396][  0]LogConfig: Setting CVar [[s.TimeLimitExceededMinTime:0.005]]
[2020.10.19-20.49.42:396][  0]LogConfig: Setting CVar [[s.UseBackgroundLevelStreaming:1]]
[2020.10.19-20.49.42:396][  0]LogConfig: Setting CVar [[s.PriorityAsyncLoadingExtraTime:15.0]]
[2020.10.19-20.49.42:396][  0]LogConfig: Setting CVar [[s.LevelStreamingActorsUpdateTimeLimit:5.0]]
[2020.10.19-20.49.42:396][  0]LogConfig: Setting CVar [[s.PriorityLevelStreamingActorsUpdateExtraTime:5.0]]
[2020.10.19-20.49.42:396][  0]LogConfig: Setting CVar [[s.LevelStreamingComponentsRegistrationGranularity:10]]
[2020.10.19-20.49.42:396][  0]LogConfig: Setting CVar [[s.UnregisterComponentsTimeLimit:1.0]]
[2020.10.19-20.49.42:396][  0]LogConfig: Setting CVar [[s.LevelStreamingComponentsUnregistrationGranularity:5]]
[2020.10.19-20.49.42:396][  0]LogConfig: Setting CVar [[s.FlushStreamingOnExit:1]]
[2020.10.19-20.49.42:396][  0]LogConfig: Applying CVar settings from Section [/Script/Engine.GarbageCollectionSettings] File [C:/Users/troy/Documents/Repositories/Githubslabs/CIT419Capstone/Capstone/Saved/Config/Windows/Engine.ini]
[2020.10.19-20.49.42:396][  0]LogConfig: Setting CVar [[gc.MaxObjectsNotConsideredByGC:1]]
[2020.10.19-20.49.42:396][  0]LogConfig: Setting CVar [[gc.SizeOfPermanentObjectPool:0]]
[2020.10.19-20.49.42:396][  0]LogConfig: Setting CVar [[gc.FlushStreamingOnGC:0]]
[2020.10.19-20.49.42:396][  0]LogConfig: Setting CVar [[gc.NumRetriesBeforeForcingGC:10]]
[2020.10.19-20.49.42:396][  0]LogConfig: Setting CVar [[gc.AllowParallelGC:1]]
[2020.10.19-20.49.42:396][  0]LogConfig: Setting CVar [[gc.TimeBetweenPurgingPendingKillObjects:61.1]]
[2020.10.19-20.49.42:396][  0]LogConfig: Setting CVar [[gc.MaxObjectsInEditor:25165824]]
[2020.10.19-20.49.42:396][  0]LogConfig: Setting CVar [[gc.IncrementalBeginDestroyEnabled:1]]
[2020.10.19-20.49.42:396][  0]LogConfig: Setting CVar [[gc.CreateGCClusters:1]]
[2020.10.19-20.49.42:396][  0]LogConfig: Setting CVar [[gc.MinGCClusterSize:5]]
[2020.10.19-20.49.42:396][  0]LogConfig: Setting CVar [[gc.ActorClusteringEnabled:0]]
[2020.10.19-20.49.42:396][  0]LogConfig: Setting CVar [[gc.BlueprintClusteringEnabled:0]]
[2020.10.19-20.49.42:396][  0]LogConfig: Setting CVar [[gc.UseDisregardForGCOnDedicatedServers:0]]
[2020.10.19-20.49.42:396][  0]LogConfig: Applying CVar settings from Section [/Script/Engine.NetworkSettings] File [C:/Users/troy/Documents/Repositories/Githubslabs/CIT419Capstone/Capstone/Saved/Config/Windows/Engine.ini]
[2020.10.19-20.49.42:396][  0]LogConfig: Applying CVar settings from Section [/Script/UnrealEd.CookerSettings] File [C:/Users/troy/Documents/Repositories/Githubslabs/CIT419Capstone/Capstone/Saved/Config/Windows/Engine.ini]
[2020.10.19-20.49.42:402][  0]LogConfig: Applying CVar settings from Section [ViewDistanceQuality@3] File [C:/Users/troy/Documents/Repositories/Githubslabs/CIT419Capstone/Capstone/Saved/Config/Windows/Scalability.ini]
[2020.10.19-20.49.42:402][  0]LogConfig: Setting CVar [[r.SkeletalMeshLODBias:0]]
[2020.10.19-20.49.42:402][  0]LogConfig: Setting CVar [[r.ViewDistanceScale:1.0]]
[2020.10.19-20.49.42:402][  0]LogConfig: Applying CVar settings from Section [AntiAliasingQuality@3] File [C:/Users/troy/Documents/Repositories/Githubslabs/CIT419Capstone/Capstone/Saved/Config/Windows/Scalability.ini]
[2020.10.19-20.49.42:402][  0]LogConfig: Setting CVar [[r.PostProcessAAQuality:4]]
[2020.10.19-20.49.42:402][  0]LogConfig: Applying CVar settings from Section [ShadowQuality@3] File [C:/Users/troy/Documents/Repositories/Githubslabs/CIT419Capstone/Capstone/Saved/Config/Windows/Scalability.ini]
[2020.10.19-20.49.42:402][  0]LogConfig: Setting CVar [[r.LightFunctionQuality:1]]
[2020.10.19-20.49.42:402][  0]LogConfig: Setting CVar [[r.ShadowQuality:5]]
[2020.10.19-20.49.42:402][  0]LogConfig: Setting CVar [[r.Shadow.CSM.MaxCascades:10]]
[2020.10.19-20.49.42:402][  0]LogConfig: Setting CVar [[r.Shadow.MaxResolution:2048]]
[2020.10.19-20.49.42:402][  0]LogConfig: Setting CVar [[r.Shadow.MaxCSMResolution:2048]]
[2020.10.19-20.49.42:402][  0]LogConfig: Setting CVar [[r.Shadow.RadiusThreshold:0.01]]
[2020.10.19-20.49.42:402][  0]LogConfig: Setting CVar [[r.Shadow.DistanceScale:1.0]]
[2020.10.19-20.49.42:402][  0]LogConfig: Setting CVar [[r.Shadow.CSM.TransitionScale:1.0]]
[2020.10.19-20.49.42:402][  0]LogConfig: Setting CVar [[r.Shadow.PreShadowResolutionFactor:1.0]]
[2020.10.19-20.49.42:402][  0]LogConfig: Setting CVar [[r.DistanceFieldShadowing:1]]
[2020.10.19-20.49.42:402][  0]LogConfig: Setting CVar [[r.DistanceFieldAO:1]]
[2020.10.19-20.49.42:402][  0]LogConfig: Setting CVar [[r.AOQuality:2]]
[2020.10.19-20.49.42:402][  0]LogConfig: Setting CVar [[r.VolumetricFog:1]]
[2020.10.19-20.49.42:402][  0]LogConfig: Setting CVar [[r.VolumetricFog.GridPixelSize:8]]
[2020.10.19-20.49.42:402][  0]LogConfig: Setting CVar [[r.VolumetricFog.GridSizeZ:128]]
[2020.10.19-20.49.42:402][  0]LogConfig: Setting CVar [[r.VolumetricFog.HistoryMissSupersampleCount:4]]
[2020.10.19-20.49.42:402][  0]LogConfig: Setting CVar [[r.LightMaxDrawDistanceScale:1]]
[2020.10.19-20.49.42:402][  0]LogConfig: Setting CVar [[r.CapsuleShadows:1]]
[2020.10.19-20.49.42:402][  0]LogConfig: Applying CVar settings from Section [PostProcessQuality@3] File [C:/Users/troy/Documents/Repositories/Githubslabs/CIT419Capstone/Capstone/Saved/Config/Windows/Scalability.ini]
[2020.10.19-20.49.42:402][  0]LogConfig: Setting CVar [[r.MotionBlurQuality:4]]
[2020.10.19-20.49.42:402][  0]LogConfig: Setting CVar [[r.AmbientOcclusionMipLevelFactor:0.4]]
[2020.10.19-20.49.42:402][  0]LogConfig: Setting CVar [[r.AmbientOcclusionMaxQuality:100]]
[2020.10.19-20.49.42:402][  0]LogConfig: Setting CVar [[r.AmbientOcclusionLevels:-1]]
[2020.10.19-20.49.42:402][  0]LogConfig: Setting CVar [[r.AmbientOcclusionRadiusScale:1.0]]
[2020.10.19-20.49.42:402][  0]LogConfig: Setting CVar [[r.DepthOfFieldQuality:2]]
[2020.10.19-20.49.42:402][  0]LogConfig: Setting CVar [[r.RenderTargetPoolMin:400]]
[2020.10.19-20.49.42:403][  0]LogConfig: Setting CVar [[r.LensFlareQuality:2]]
[2020.10.19-20.49.42:403][  0]LogConfig: Setting CVar [[r.SceneColorFringeQuality:1]]
[2020.10.19-20.49.42:403][  0]LogConfig: Setting CVar [[r.EyeAdaptationQuality:2]]
[2020.10.19-20.49.42:403][  0]LogConfig: Setting CVar [[r.BloomQuality:5]]
[2020.10.19-20.49.42:403][  0]LogConfig: Setting CVar [[r.FastBlurThreshold:100]]
[2020.10.19-20.49.42:403][  0]LogConfig: Setting CVar [[r.Upscale.Quality:3]]
[2020.10.19-20.49.42:403][  0]LogConfig: Setting CVar [[r.Tonemapper.GrainQuantization:1]]
[2020.10.19-20.49.42:403][  0]LogConfig: Setting CVar [[r.LightShaftQuality:1]]
[2020.10.19-20.49.42:403][  0]LogConfig: Setting CVar [[r.Filter.SizeScale:1]]
[2020.10.19-20.49.42:403][  0]LogConfig: Setting CVar [[r.Tonemapper.Quality:5]]
[2020.10.19-20.49.42:403][  0]LogConfig: Setting CVar [[r.DOF.Gather.AccumulatorQuality:1        ; higher gathering accumulator quality]]
[2020.10.19-20.49.42:403][  0]LogConfig: Setting CVar [[r.DOF.Gather.PostfilterMethod:1          ; Median3x3 postfilering method]]
[2020.10.19-20.49.42:403][  0]LogConfig: Setting CVar [[r.DOF.Gather.EnableBokehSettings:0       ; no bokeh simulation when gathering]]
[2020.10.19-20.49.42:403][  0]LogConfig: Setting CVar [[r.DOF.Gather.RingCount:4                 ; medium number of samples when gathering]]
[2020.10.19-20.49.42:403][  0]LogConfig: Setting CVar [[r.DOF.Scatter.ForegroundCompositing:1    ; additive foreground scattering]]
[2020.10.19-20.49.42:403][  0]LogConfig: Setting CVar [[r.DOF.Scatter.BackgroundCompositing:2    ; additive background scattering]]
[2020.10.19-20.49.42:403][  0]LogConfig: Setting CVar [[r.DOF.Scatter.EnableBokehSettings:1      ; bokeh simulation when scattering]]
[2020.10.19-20.49.42:403][  0]LogConfig: Setting CVar [[r.DOF.Scatter.MaxSpriteRatio:0.1         ; only a maximum of 10% of scattered bokeh]]
[2020.10.19-20.49.42:403][  0]LogConfig: Setting CVar [[r.DOF.Recombine.Quality:1                ; cheap slight out of focus]]
[2020.10.19-20.49.42:403][  0]LogConfig: Setting CVar [[r.DOF.Recombine.EnableBokehSettings:0    ; no bokeh simulation on slight out of focus]]
[2020.10.19-20.49.42:403][  0]LogConfig: Setting CVar [[r.DOF.TemporalAAQuality:1                ; more stable temporal accumulation]]
[2020.10.19-20.49.42:403][  0]LogConfig: Setting CVar [[r.DOF.Kernel.MaxForegroundRadius:0.025]]
[2020.10.19-20.49.42:403][  0]LogConfig: Setting CVar [[r.DOF.Kernel.MaxBackgroundRadius:0.025]]
[2020.10.19-20.49.42:403][  0]LogConfig: Applying CVar settings from Section [TextureQuality@3] File [C:/Users/troy/Documents/Repositories/Githubslabs/CIT419Capstone/Capstone/Saved/Config/Windows/Scalability.ini]
[2020.10.19-20.49.42:403][  0]LogConfig: Setting CVar [[r.Streaming.MipBias:0]]
[2020.10.19-20.49.42:403][  0]LogConfig: Setting CVar [[r.Streaming.AmortizeCPUToGPUCopy:0]]
[2020.10.19-20.49.42:403][  0]LogConfig: Setting CVar [[r.Streaming.MaxNumTexturesToStreamPerFrame:0]]
[2020.10.19-20.49.42:403][  0]LogConfig: Setting CVar [[r.Streaming.Boost:1]]
[2020.10.19-20.49.42:403][  0]LogConfig: Setting CVar [[r.MaxAnisotropy:8]]
[2020.10.19-20.49.42:403][  0]LogConfig: Setting CVar [[r.VT.MaxAnisotropy:8]]
[2020.10.19-20.49.42:403][  0]LogConfig: Setting CVar [[r.Streaming.LimitPoolSizeToVRAM:0]]
[2020.10.19-20.49.42:403][  0]LogConfig: Setting CVar [[r.Streaming.PoolSize:1000]]
[2020.10.19-20.49.42:403][  0]LogConfig: Setting CVar [[r.Streaming.MaxEffectiveScreenSize:0]]
[2020.10.19-20.49.42:403][  0]LogConfig: Applying CVar settings from Section [EffectsQuality@3] File [C:/Users/troy/Documents/Repositories/Githubslabs/CIT419Capstone/Capstone/Saved/Config/Windows/Scalability.ini]
[2020.10.19-20.49.42:403][  0]LogConfig: Setting CVar [[r.TranslucencyLightingVolumeDim:64]]
[2020.10.19-20.49.42:403][  0]LogConfig: Setting CVar [[r.RefractionQuality:2]]
[2020.10.19-20.49.42:403][  0]LogConfig: Setting CVar [[r.SSR.Quality:3]]
[2020.10.19-20.49.42:403][  0]LogConfig: Setting CVar [[r.SSR.HalfResSceneColor:0]]
[2020.10.19-20.49.42:403][  0]LogConfig: Setting CVar [[r.SceneColorFormat:4]]
[2020.10.19-20.49.42:403][  0]LogConfig: Setting CVar [[r.DetailMode:2]]
[2020.10.19-20.49.42:403][  0]LogConfig: Setting CVar [[r.TranslucencyVolumeBlur:1]]
[2020.10.19-20.49.42:403][  0]LogConfig: Setting CVar [[r.MaterialQualityLevel:1 ; High quality]]
[2020.10.19-20.49.42:403][  0]LogConfig: Setting CVar [[r.SSS.Scale:1]]
[2020.10.19-20.49.42:403][  0]LogConfig: Setting CVar [[r.SSS.SampleSet:2]]
[2020.10.19-20.49.42:403][  0]LogConfig: Setting CVar [[r.SSS.Quality:1]]
[2020.10.19-20.49.42:403][  0]LogConfig: Setting CVar [[r.SSS.HalfRes:0]]
[2020.10.19-20.49.42:403][  0]LogConfig: Setting CVar [[r.SSGI.Quality:3]]
[2020.10.19-20.49.42:403][  0]LogConfig: Setting CVar [[r.EmitterSpawnRateScale:1.0]]
[2020.10.19-20.49.42:403][  0]LogConfig: Setting CVar [[r.ParticleLightQuality:2]]
[2020.10.19-20.49.42:403][  0]LogConfig: Setting CVar [[r.SkyAtmosphere.AerialPerspectiveLUT.FastApplyOnOpaque:1 ; Always have FastSkyLUT 1 in this case to avoid wrong sky]]
[2020.10.19-20.49.42:403][  0]LogConfig: Setting CVar [[r.SkyAtmosphere.AerialPerspectiveLUT.SampleCountPerSlice:1]]
[2020.10.19-20.49.42:403][  0]LogConfig: Setting CVar [[r.SkyAtmosphere.AerialPerspectiveLUT.DepthResolution:16.0]]
[2020.10.19-20.49.42:403][  0]LogConfig: Setting CVar [[r.SkyAtmosphere.FastSkyLUT:1]]
[2020.10.19-20.49.42:403][  0]LogConfig: Setting CVar [[r.SkyAtmosphere.FastSkyLUT.SampleCountMin:4.0]]
[2020.10.19-20.49.42:403][  0]LogConfig: Setting CVar [[r.SkyAtmosphere.FastSkyLUT.SampleCountMax:32.0]]
[2020.10.19-20.49.42:403][  0]LogConfig: Setting CVar [[r.SkyAtmosphere.SampleCountMin:4.0]]
[2020.10.19-20.49.42:403][  0]LogConfig: Setting CVar [[r.SkyAtmosphere.SampleCountMax:32.0]]
[2020.10.19-20.49.42:403][  0]LogConfig: Setting CVar [[r.SkyAtmosphere.TransmittanceLUT.UseSmallFormat:0]]
[2020.10.19-20.49.42:403][  0]LogConfig: Setting CVar [[r.SkyAtmosphere.TransmittanceLUT.SampleCount:10.0]]
[2020.10.19-20.49.42:403][  0]LogConfig: Setting CVar [[r.SkyAtmosphere.MultiScatteringLUT.SampleCount:15.0]]
[2020.10.19-20.49.42:403][  0]LogConfig: Applying CVar settings from Section [FoliageQuality@3] File [C:/Users/troy/Documents/Repositories/Githubslabs/CIT419Capstone/Capstone/Saved/Config/Windows/Scalability.ini]
[2020.10.19-20.49.42:403][  0]LogConfig: Setting CVar [[foliage.DensityScale:1.0]]
[2020.10.19-20.49.42:403][  0]LogConfig: Setting CVar [[grass.DensityScale:1.0]]
[2020.10.19-20.49.42:403][  0]LogConfig: Applying CVar settings from Section [ShadingQuality@3] File [C:/Users/troy/Documents/Repositories/Githubslabs/CIT419Capstone/Capstone/Saved/Config/Windows/Scalability.ini]
[2020.10.19-20.49.42:403][  0]LogConfig: Setting CVar [[r.HairStrands.SkyLighting.SampleCount:16]]
[2020.10.19-20.49.42:403][  0]LogConfig: Setting CVar [[r.HairStrands.SkyLighting.JitterIntegration:0]]
[2020.10.19-20.49.42:403][  0]LogConfig: Setting CVar [[r.HairStrands.SkyAO.SampleCount:16]]
[2020.10.19-20.49.42:403][  0]LogConfig: Setting CVar [[r.HairStrands.DeepShadow.SuperSampling:0]]
[2020.10.19-20.49.42:403][  0]LogConfig: Setting CVar [[r.HairStrands.VisibilityPPLL:0]]
[2020.10.19-20.49.42:403][  0]LogConfig: Setting CVar [[r.HairStrands.RasterizationScale:0.5]]
[2020.10.19-20.49.42:403][  0]LogConfig: Setting CVar [[r.HairStrands.VelocityRasterizationScale:1]]
[2020.10.19-20.49.42:404][  0]LogInit: Selected Device Profile: [Windows]
[2020.10.19-20.49.42:404][  0]LogInit: Applying CVar settings loaded from the selected device profile: [Windows]
[2020.10.19-20.49.42:404][  0]LogHAL: Display: Platform has ~ 48 GB [51468099584 / 68719476736 / 48], which maps to Largest [LargestMinGB=32, LargerMinGB=12, DefaultMinGB=8, SmallerMinGB=6, SmallestMinGB=0)
[2020.10.19-20.49.42:404][  0]LogInit: Going up to parent DeviceProfile []
[2020.10.19-20.49.42:404][  0]LogConfig: Applying CVar settings from Section [ViewDistanceQuality@3] File [C:/Users/troy/Documents/Repositories/Githubslabs/CIT419Capstone/Capstone/Saved/Config/Windows/Scalability.ini]
[2020.10.19-20.49.42:404][  0]LogConfig: Setting CVar [[r.SkeletalMeshLODBias:0]]
[2020.10.19-20.49.42:404][  0]LogConfig: Setting CVar [[r.ViewDistanceScale:1.0]]
[2020.10.19-20.49.42:404][  0]LogConfig: Applying CVar settings from Section [AntiAliasingQuality@3] File [C:/Users/troy/Documents/Repositories/Githubslabs/CIT419Capstone/Capstone/Saved/Config/Windows/Scalability.ini]
[2020.10.19-20.49.42:404][  0]LogConfig: Setting CVar [[r.PostProcessAAQuality:4]]
[2020.10.19-20.49.42:404][  0]LogConfig: Applying CVar settings from Section [ShadowQuality@3] File [C:/Users/troy/Documents/Repositories/Githubslabs/CIT419Capstone/Capstone/Saved/Config/Windows/Scalability.ini]
[2020.10.19-20.49.42:404][  0]LogConfig: Setting CVar [[r.LightFunctionQuality:1]]
[2020.10.19-20.49.42:404][  0]LogConfig: Setting CVar [[r.ShadowQuality:5]]
[2020.10.19-20.49.42:404][  0]LogConfig: Setting CVar [[r.Shadow.CSM.MaxCascades:10]]
[2020.10.19-20.49.42:404][  0]LogConfig: Setting CVar [[r.Shadow.MaxResolution:2048]]
[2020.10.19-20.49.42:404][  0]LogConfig: Setting CVar [[r.Shadow.MaxCSMResolution:2048]]
[2020.10.19-20.49.42:404][  0]LogConfig: Setting CVar [[r.Shadow.RadiusThreshold:0.01]]
[2020.10.19-20.49.42:404][  0]LogConfig: Setting CVar [[r.Shadow.DistanceScale:1.0]]
[2020.10.19-20.49.42:404][  0]LogConfig: Setting CVar [[r.Shadow.CSM.TransitionScale:1.0]]
[2020.10.19-20.49.42:404][  0]LogConfig: Setting CVar [[r.Shadow.PreShadowResolutionFactor:1.0]]
[2020.10.19-20.49.42:404][  0]LogConfig: Setting CVar [[r.DistanceFieldShadowing:1]]
[2020.10.19-20.49.42:404][  0]LogConfig: Setting CVar [[r.DistanceFieldAO:1]]
[2020.10.19-20.49.42:404][  0]LogConfig: Setting CVar [[r.AOQuality:2]]
[2020.10.19-20.49.42:404][  0]LogConfig: Setting CVar [[r.VolumetricFog:1]]
[2020.10.19-20.49.42:404][  0]LogConfig: Setting CVar [[r.VolumetricFog.GridPixelSize:8]]
[2020.10.19-20.49.42:404][  0]LogConfig: Setting CVar [[r.VolumetricFog.GridSizeZ:128]]
[2020.10.19-20.49.42:404][  0]LogConfig: Setting CVar [[r.VolumetricFog.HistoryMissSupersampleCount:4]]
[2020.10.19-20.49.42:404][  0]LogConfig: Setting CVar [[r.LightMaxDrawDistanceScale:1]]
[2020.10.19-20.49.42:404][  0]LogConfig: Setting CVar [[r.CapsuleShadows:1]]
[2020.10.19-20.49.42:404][  0]LogConfig: Applying CVar settings from Section [PostProcessQuality@3] File [C:/Users/troy/Documents/Repositories/Githubslabs/CIT419Capstone/Capstone/Saved/Config/Windows/Scalability.ini]
[2020.10.19-20.49.42:404][  0]LogConfig: Setting CVar [[r.MotionBlurQuality:4]]
[2020.10.19-20.49.42:404][  0]LogConfig: Setting CVar [[r.AmbientOcclusionMipLevelFactor:0.4]]
[2020.10.19-20.49.42:404][  0]LogConfig: Setting CVar [[r.AmbientOcclusionMaxQuality:100]]
[2020.10.19-20.49.42:404][  0]LogConfig: Setting CVar [[r.AmbientOcclusionLevels:-1]]
[2020.10.19-20.49.42:404][  0]LogConfig: Setting CVar [[r.AmbientOcclusionRadiusScale:1.0]]
[2020.10.19-20.49.42:404][  0]LogConfig: Setting CVar [[r.DepthOfFieldQuality:2]]
[2020.10.19-20.49.42:404][  0]LogConfig: Setting CVar [[r.RenderTargetPoolMin:400]]
[2020.10.19-20.49.42:404][  0]LogConfig: Setting CVar [[r.LensFlareQuality:2]]
[2020.10.19-20.49.42:404][  0]LogConfig: Setting CVar [[r.SceneColorFringeQuality:1]]
[2020.10.19-20.49.42:404][  0]LogConfig: Setting CVar [[r.EyeAdaptationQuality:2]]
[2020.10.19-20.49.42:404][  0]LogConfig: Setting CVar [[r.BloomQuality:5]]
[2020.10.19-20.49.42:404][  0]LogConfig: Setting CVar [[r.FastBlurThreshold:100]]
[2020.10.19-20.49.42:404][  0]LogConfig: Setting CVar [[r.Upscale.Quality:3]]
[2020.10.19-20.49.42:404][  0]LogConfig: Setting CVar [[r.Tonemapper.GrainQuantization:1]]
[2020.10.19-20.49.42:404][  0]LogConfig: Setting CVar [[r.LightShaftQuality:1]]
[2020.10.19-20.49.42:404][  0]LogConfig: Setting CVar [[r.Filter.SizeScale:1]]
[2020.10.19-20.49.42:404][  0]LogConfig: Setting CVar [[r.Tonemapper.Quality:5]]
[2020.10.19-20.49.42:404][  0]LogConfig: Setting CVar [[r.DOF.Gather.AccumulatorQuality:1        ; higher gathering accumulator quality]]
[2020.10.19-20.49.42:404][  0]LogConfig: Setting CVar [[r.DOF.Gather.PostfilterMethod:1          ; Median3x3 postfilering method]]
[2020.10.19-20.49.42:404][  0]LogConfig: Setting CVar [[r.DOF.Gather.EnableBokehSettings:0       ; no bokeh simulation when gathering]]
[2020.10.19-20.49.42:404][  0]LogConfig: Setting CVar [[r.DOF.Gather.RingCount:4                 ; medium number of samples when gathering]]
[2020.10.19-20.49.42:404][  0]LogConfig: Setting CVar [[r.DOF.Scatter.ForegroundCompositing:1    ; additive foreground scattering]]
[2020.10.19-20.49.42:404][  0]LogConfig: Setting CVar [[r.DOF.Scatter.BackgroundCompositing:2    ; additive background scattering]]
[2020.10.19-20.49.42:404][  0]LogConfig: Setting CVar [[r.DOF.Scatter.EnableBokehSettings:1      ; bokeh simulation when scattering]]
[2020.10.19-20.49.42:404][  0]LogConfig: Setting CVar [[r.DOF.Scatter.MaxSpriteRatio:0.1         ; only a maximum of 10% of scattered bokeh]]
[2020.10.19-20.49.42:404][  0]LogConfig: Setting CVar [[r.DOF.Recombine.Quality:1                ; cheap slight out of focus]]
[2020.10.19-20.49.42:404][  0]LogConfig: Setting CVar [[r.DOF.Recombine.EnableBokehSettings:0    ; no bokeh simulation on slight out of focus]]
[2020.10.19-20.49.42:404][  0]LogConfig: Setting CVar [[r.DOF.TemporalAAQuality:1                ; more stable temporal accumulation]]
[2020.10.19-20.49.42:404][  0]LogConfig: Setting CVar [[r.DOF.Kernel.MaxForegroundRadius:0.025]]
[2020.10.19-20.49.42:404][  0]LogConfig: Setting CVar [[r.DOF.Kernel.MaxBackgroundRadius:0.025]]
[2020.10.19-20.49.42:404][  0]LogConfig: Applying CVar settings from Section [TextureQuality@3] File [C:/Users/troy/Documents/Repositories/Githubslabs/CIT419Capstone/Capstone/Saved/Config/Windows/Scalability.ini]
[2020.10.19-20.49.42:404][  0]LogConfig: Setting CVar [[r.Streaming.MipBias:0]]
[2020.10.19-20.49.42:404][  0]LogConfig: Setting CVar [[r.Streaming.AmortizeCPUToGPUCopy:0]]
[2020.10.19-20.49.42:404][  0]LogConfig: Setting CVar [[r.Streaming.MaxNumTexturesToStreamPerFrame:0]]
[2020.10.19-20.49.42:404][  0]LogConfig: Setting CVar [[r.Streaming.Boost:1]]
[2020.10.19-20.49.42:404][  0]LogConfig: Setting CVar [[r.MaxAnisotropy:8]]
[2020.10.19-20.49.42:405][  0]LogConfig: Setting CVar [[r.VT.MaxAnisotropy:8]]
[2020.10.19-20.49.42:405][  0]LogConfig: Setting CVar [[r.Streaming.LimitPoolSizeToVRAM:0]]
[2020.10.19-20.49.42:405][  0]LogConfig: Setting CVar [[r.Streaming.PoolSize:1000]]
[2020.10.19-20.49.42:405][  0]LogConfig: Setting CVar [[r.Streaming.MaxEffectiveScreenSize:0]]
[2020.10.19-20.49.42:405][  0]LogConfig: Applying CVar settings from Section [EffectsQuality@3] File [C:/Users/troy/Documents/Repositories/Githubslabs/CIT419Capstone/Capstone/Saved/Config/Windows/Scalability.ini]
[2020.10.19-20.49.42:405][  0]LogConfig: Setting CVar [[r.TranslucencyLightingVolumeDim:64]]
[2020.10.19-20.49.42:405][  0]LogConfig: Setting CVar [[r.RefractionQuality:2]]
[2020.10.19-20.49.42:405][  0]LogConfig: Setting CVar [[r.SSR.Quality:3]]
[2020.10.19-20.49.42:405][  0]LogConfig: Setting CVar [[r.SSR.HalfResSceneColor:0]]
[2020.10.19-20.49.42:405][  0]LogConfig: Setting CVar [[r.SceneColorFormat:4]]
[2020.10.19-20.49.42:405][  0]LogConfig: Setting CVar [[r.DetailMode:2]]
[2020.10.19-20.49.42:405][  0]LogConfig: Setting CVar [[r.TranslucencyVolumeBlur:1]]
[2020.10.19-20.49.42:405][  0]LogConfig: Setting CVar [[r.MaterialQualityLevel:1 ; High quality]]
[2020.10.19-20.49.42:405][  0]LogConfig: Setting CVar [[r.SSS.Scale:1]]
[2020.10.19-20.49.42:405][  0]LogConfig: Setting CVar [[r.SSS.SampleSet:2]]
[2020.10.19-20.49.42:405][  0]LogConfig: Setting CVar [[r.SSS.Quality:1]]
[2020.10.19-20.49.42:405][  0]LogConfig: Setting CVar [[r.SSS.HalfRes:0]]
[2020.10.19-20.49.42:405][  0]LogConfig: Setting CVar [[r.SSGI.Quality:3]]
[2020.10.19-20.49.42:405][  0]LogConfig: Setting CVar [[r.EmitterSpawnRateScale:1.0]]
[2020.10.19-20.49.42:405][  0]LogConfig: Setting CVar [[r.ParticleLightQuality:2]]
[2020.10.19-20.49.42:405][  0]LogConfig: Setting CVar [[r.SkyAtmosphere.AerialPerspectiveLUT.FastApplyOnOpaque:1 ; Always have FastSkyLUT 1 in this case to avoid wrong sky]]
[2020.10.19-20.49.42:405][  0]LogConfig: Setting CVar [[r.SkyAtmosphere.AerialPerspectiveLUT.SampleCountPerSlice:1]]
[2020.10.19-20.49.42:405][  0]LogConfig: Setting CVar [[r.SkyAtmosphere.AerialPerspectiveLUT.DepthResolution:16.0]]
[2020.10.19-20.49.42:405][  0]LogConfig: Setting CVar [[r.SkyAtmosphere.FastSkyLUT:1]]
[2020.10.19-20.49.42:405][  0]LogConfig: Setting CVar [[r.SkyAtmosphere.FastSkyLUT.SampleCountMin:4.0]]
[2020.10.19-20.49.42:405][  0]LogConfig: Setting CVar [[r.SkyAtmosphere.FastSkyLUT.SampleCountMax:32.0]]
[2020.10.19-20.49.42:405][  0]LogConfig: Setting CVar [[r.SkyAtmosphere.SampleCountMin:4.0]]
[2020.10.19-20.49.42:405][  0]LogConfig: Setting CVar [[r.SkyAtmosphere.SampleCountMax:32.0]]
[2020.10.19-20.49.42:405][  0]LogConfig: Setting CVar [[r.SkyAtmosphere.TransmittanceLUT.UseSmallFormat:0]]
[2020.10.19-20.49.42:405][  0]LogConfig: Setting CVar [[r.SkyAtmosphere.TransmittanceLUT.SampleCount:10.0]]
[2020.10.19-20.49.42:405][  0]LogConfig: Setting CVar [[r.SkyAtmosphere.MultiScatteringLUT.SampleCount:15.0]]
[2020.10.19-20.49.42:405][  0]LogConfig: Applying CVar settings from Section [FoliageQuality@3] File [C:/Users/troy/Documents/Repositories/Githubslabs/CIT419Capstone/Capstone/Saved/Config/Windows/Scalability.ini]
[2020.10.19-20.49.42:405][  0]LogConfig: Setting CVar [[foliage.DensityScale:1.0]]
[2020.10.19-20.49.42:405][  0]LogConfig: Setting CVar [[grass.DensityScale:1.0]]
[2020.10.19-20.49.42:405][  0]LogConfig: Applying CVar settings from Section [ShadingQuality@3] File [C:/Users/troy/Documents/Repositories/Githubslabs/CIT419Capstone/Capstone/Saved/Config/Windows/Scalability.ini]
[2020.10.19-20.49.42:405][  0]LogConfig: Setting CVar [[r.HairStrands.SkyLighting.SampleCount:16]]
[2020.10.19-20.49.42:405][  0]LogConfig: Setting CVar [[r.HairStrands.SkyLighting.JitterIntegration:0]]
[2020.10.19-20.49.42:405][  0]LogConfig: Setting CVar [[r.HairStrands.SkyAO.SampleCount:16]]
[2020.10.19-20.49.42:405][  0]LogConfig: Setting CVar [[r.HairStrands.DeepShadow.SuperSampling:0]]
[2020.10.19-20.49.42:405][  0]LogConfig: Setting CVar [[r.HairStrands.VisibilityPPLL:0]]
[2020.10.19-20.49.42:405][  0]LogConfig: Setting CVar [[r.HairStrands.RasterizationScale:0.5]]
[2020.10.19-20.49.42:405][  0]LogConfig: Setting CVar [[r.HairStrands.VelocityRasterizationScale:1]]
[2020.10.19-20.49.42:405][  0]LogConfig: Applying CVar settings from Section [Startup] File [../../../Engine/Config/ConsoleVariables.ini]
[2020.10.19-20.49.42:406][  0]LogConfig: Setting CVar [[net.UseAdaptiveNetUpdateFrequency:0]]
[2020.10.19-20.49.42:406][  0]LogConfig: Setting CVar [[p.chaos.AllowCreatePhysxBodies:1]]
[2020.10.19-20.49.42:406][  0]LogConfig: Setting CVar [[fx.SkipVectorVMBackendOptimizations:1]]
[2020.10.19-20.49.42:406][  0]LogConfig: Applying CVar settings from Section [ConsoleVariables] File [C:/Users/troy/Documents/Repositories/Githubslabs/CIT419Capstone/Capstone/Saved/Config/Windows/Engine.ini]
[2020.10.19-20.49.42:406][  0]LogInit: Computer: TROY-PC
[2020.10.19-20.49.42:406][  0]LogInit: User: troy
[2020.10.19-20.49.42:406][  0]LogInit: CPU Page size=4096, Cores=8
[2020.10.19-20.49.42:406][  0]LogInit: High frequency timer resolution =10.000000 MHz
[2020.10.19-20.49.42:406][  0]LogMemory: Memory total: Physical=47.9GB (48GB approx)
[2020.10.19-20.49.42:406][  0]LogMemory: Platform Memory Stats for Windows
[2020.10.19-20.49.42:406][  0]LogMemory: Process Physical Memory: 120.62 MB used, 120.62 MB peak
[2020.10.19-20.49.42:406][  0]LogMemory: Process Virtual Memory: 110.33 MB used, 110.33 MB peak
[2020.10.19-20.49.42:406][  0]LogMemory: Physical Memory: 18864.15 MB used,  30219.66 MB free, 49083.80 MB total
[2020.10.19-20.49.42:406][  0]LogMemory: Virtual Memory: 5204.38 MB used,  134212520.00 MB free, 134217728.00 MB total
[2020.10.19-20.49.42:415][  0]LogWindows: WindowsPlatformFeatures enabled
[2020.10.19-20.49.42:483][  0]LogInit: Physics initialised using underlying interface: PhysX
[2020.10.19-20.49.42:485][  0]LogInit: Using OS detected language (en-US).
[2020.10.19-20.49.42:485][  0]LogInit: Using OS detected locale (en-US).
[2020.10.19-20.49.42:492][  0]LogTextLocalizationManager: No specific localization for 'en-US' exists, so the 'en' localization will be used.
[2020.10.19-20.49.42:722][  0]LogInit: Setting process to per monitor DPI aware
[2020.10.19-20.49.42:774][  0]LogSlate: New Slate User Created.  User Index 0, Is Virtual User: 0
[2020.10.19-20.49.42:774][  0]LogSlate: Slate User Registered.  User Index 0, Is Virtual User: 0
[2020.10.19-20.49.43:009][  0]LogHMD: Failed to initialize OpenVR with code 110
[2020.10.19-20.49.43:009][  0]LogD3D11RHI: D3D11 min allowed feature level: 11_0
[2020.10.19-20.49.43:009][  0]LogD3D11RHI: D3D11 max allowed feature level: 11_0
[2020.10.19-20.49.43:009][  0]LogD3D11RHI: D3D11 adapters:
[2020.10.19-20.49.43:134][  0]LogD3D11RHI:    0. 'NVIDIA GeForce GTX 1070' (Feature Level 11_0)
[2020.10.19-20.49.43:134][  0]LogD3D11RHI:       8088/0/24541 MB DedicatedVideo/DedicatedSystem/SharedSystem, Outputs:2, VendorId:0x10de
[2020.10.19-20.49.43:138][  0]LogD3D11RHI:    1. 'Microsoft Basic Render Driver' (Feature Level 11_0)
[2020.10.19-20.49.43:138][  0]LogD3D11RHI:       0/0/24541 MB DedicatedVideo/DedicatedSystem/SharedSystem, Outputs:0, VendorId:0x1414
[2020.10.19-20.49.43:138][  0]LogD3D11RHI: Chosen D3D11 Adapter: 0
[2020.10.19-20.49.43:149][  0]LogD3D11RHI: Creating new Direct3DDevice
[2020.10.19-20.49.43:149][  0]LogD3D11RHI:     GPU DeviceId: 0x1b81 (for the marketing name, search the web for "GPU Device Id")
[2020.10.19-20.49.43:149][  0]LogWindows: EnumDisplayDevices:
[2020.10.19-20.49.43:149][  0]LogWindows:    0. 'NVIDIA GeForce GTX 1070' (P:0 D:1)
[2020.10.19-20.49.43:149][  0]LogWindows:    1. 'NVIDIA GeForce GTX 1070' (P:1 D:1)
[2020.10.19-20.49.43:149][  0]LogWindows:    2. 'NVIDIA GeForce GTX 1070' (P:0 D:0)
[2020.10.19-20.49.43:150][  0]LogWindows:    3. 'NVIDIA GeForce GTX 1070' (P:0 D:0)
[2020.10.19-20.49.43:150][  0]LogWindows: DebugString: FoundDriverCount:4 
[2020.10.19-20.49.43:150][  0]LogD3D11RHI:     Adapter Name: NVIDIA GeForce GTX 1070
[2020.10.19-20.49.43:150][  0]LogD3D11RHI:   Driver Version: 456.71 (internal:27.21.14.5671, unified:456.71)
[2020.10.19-20.49.43:150][  0]LogD3D11RHI:      Driver Date: 9-30-2020
[2020.10.19-20.49.43:150][  0]LogRHI: Texture pool is 5661 MB (70% of 8088 MB)
[2020.10.19-20.49.43:221][  0]LogD3D11RHI: RHI has support for 64 bit atomics
[2020.10.19-20.49.43:223][  0]LogD3D11RHI: [Aftermath] Enabled and primed
[2020.10.19-20.49.43:223][  0]LogD3D11RHI: Async texture creation enabled
[2020.10.19-20.49.43:223][  0]LogD3D11RHI: Array index from any shader is supported
[2020.10.19-20.49.43:243][  0]LogD3D11RHI: GPU Timing Frequency: 1000.000000 (Debug: 2 1)
[2020.10.19-20.49.43:596][  0]LogTargetPlatformManager: Display: Loaded TargetPlatform 'AllDesktop'
[2020.10.19-20.49.43:624][  0]LogTargetPlatformManager: Display: Loaded TargetPlatform 'Android'
[2020.10.19-20.49.43:624][  0]LogTargetPlatformManager: Display: Loaded TargetPlatform 'Android_ASTC'
[2020.10.19-20.49.43:624][  0]LogTargetPlatformManager: Display: Loaded TargetPlatform 'Android_DXT'
[2020.10.19-20.49.43:624][  0]LogTargetPlatformManager: Display: Loaded TargetPlatform 'Android_ETC2'
[2020.10.19-20.49.43:624][  0]LogTargetPlatformManager: Display: Loaded TargetPlatform 'AndroidClient'
[2020.10.19-20.49.43:624][  0]LogTargetPlatformManager: Display: Loaded TargetPlatform 'Android_ASTCClient'
[2020.10.19-20.49.43:624][  0]LogTargetPlatformManager: Display: Loaded TargetPlatform 'Android_DXTClient'
[2020.10.19-20.49.43:624][  0]LogTargetPlatformManager: Display: Loaded TargetPlatform 'Android_ETC2Client'
[2020.10.19-20.49.43:624][  0]LogTargetPlatformManager: Display: Loaded TargetPlatform 'Android_Multi'
[2020.10.19-20.49.43:624][  0]LogTargetPlatformManager: Display: Loaded TargetPlatform 'Android_MultiClient'
[2020.10.19-20.49.43:657][  0]LogTargetPlatformManager: Display: Loaded TargetPlatform 'IOSClient'
[2020.10.19-20.49.43:657][  0]LogTargetPlatformManager: Display: Loaded TargetPlatform 'IOS'
[2020.10.19-20.49.43:673][  0]LogTargetPlatformManager: Display: Loaded TargetPlatform 'Linux'
[2020.10.19-20.49.43:686][  0]LogTargetPlatformManager: Display: Loaded TargetPlatform 'LinuxNoEditor'
[2020.10.19-20.49.43:700][  0]LogTargetPlatformManager: Display: Loaded TargetPlatform 'LinuxClient'
[2020.10.19-20.49.43:713][  0]LogTargetPlatformManager: Display: Loaded TargetPlatform 'LinuxServer'
[2020.10.19-20.49.43:727][  0]LogTargetPlatformManager: Display: Loaded TargetPlatform 'LinuxAArch64NoEditor'
[2020.10.19-20.49.43:740][  0]LogTargetPlatformManager: Display: Loaded TargetPlatform 'LinuxAArch64Client'
[2020.10.19-20.49.43:753][  0]LogTargetPlatformManager: Display: Loaded TargetPlatform 'LinuxAArch64Server'
[2020.10.19-20.49.43:792][  0]LogTargetPlatformManager: Display: Loaded TargetPlatform 'Lumin'
[2020.10.19-20.49.43:792][  0]LogTargetPlatformManager: Display: Loaded TargetPlatform 'LuminClient'
[2020.10.19-20.49.43:816][  0]LogTargetPlatformManager: Display: Loaded TargetPlatform 'TVOSClient'
[2020.10.19-20.49.43:816][  0]LogTargetPlatformManager: Display: Loaded TargetPlatform 'TVOS'
[2020.10.19-20.49.43:831][  0]LogTargetPlatformManager: Display: Loaded TargetPlatform 'WindowsNoEditor'
[2020.10.19-20.49.43:845][  0]LogTargetPlatformManager: Display: Loaded TargetPlatform 'Windows'
[2020.10.19-20.49.43:859][  0]LogTargetPlatformManager: Display: Loaded TargetPlatform 'WindowsClient'
[2020.10.19-20.49.43:872][  0]LogTargetPlatformManager: Display: Loaded TargetPlatform 'WindowsServer'
[2020.10.19-20.49.43:872][  0]LogTargetPlatformManager: Display: Building Assets For Windows
[2020.10.19-20.49.43:885][  0]LogAudioDebug: Display: Lib vorbis DLL was dynamically loaded.
[2020.10.19-20.49.43:978][  0]LogShaderCompilers: Guid format shader working directory is -42 characters bigger than the processId version (../../../../../../Users/troy/Documents/Repositories/Githubslabs/CIT419Capstone/Capstone/Intermediate/Shaders/WorkingDirectory/9364/).
[2020.10.19-20.49.43:978][  0]LogShaderCompilers: Cleaned the shader compiler working directory 'C:/Users/troy/AppData/Local/Temp/UnrealShaderWorkingDir/75CC6D084C7DAC9671D047A4D3FAF846/'.
[2020.10.19-20.49.43:979][  0]LogXGEController: Cleaning working directory: C:/Users/troy/AppData/Local/Temp/UnrealXGEWorkingDir/
[2020.10.19-20.49.43:979][  0]LogXGEController: Cannot use XGE Controller as Incredibuild is not installed on this machine.
[2020.10.19-20.49.43:979][  0]LogShaderCompilers: Cannot use XGE Shader Compiler as Incredibuild is not installed on this machine.
[2020.10.19-20.49.43:980][  0]LogShaderCompilers: Display: Using Local Shader Compiler.
[2020.10.19-20.49.44:861][  0]LogDerivedDataCache: Display: Max Cache Size: 512 MB
[2020.10.19-20.49.44:914][  0]LogDerivedDataCache: Loaded boot cache 0.05s 76MB C:/Users/troy/AppData/Local/UnrealEngine/4.25/DerivedDataCache/Boot.ddc.
[2020.10.19-20.49.44:915][  0]LogDerivedDataCache: Display: Loaded Boot cache: C:/Users/troy/AppData/Local/UnrealEngine/4.25/DerivedDataCache/Boot.ddc
[2020.10.19-20.49.44:915][  0]LogDerivedDataCache: FDerivedDataBackendGraph:  Pak pak cache file ../../../../../../Users/troy/Documents/Repositories/Githubslabs/CIT419Capstone/Capstone/DerivedDataCache/DDC.ddp not found, will not use a pak cache.
[2020.10.19-20.49.44:915][  0]LogDerivedDataCache: Unable to find inner node Pak for hierarchical cache Hierarchy.
[2020.10.19-20.49.44:915][  0]LogDerivedDataCache: FDerivedDataBackendGraph:  CompressedPak pak cache file ../../../../../../Users/troy/Documents/Repositories/Githubslabs/CIT419Capstone/Capstone/DerivedDataCache/Compressed.ddp not found, will not use a pak cache.
[2020.10.19-20.49.44:915][  0]LogDerivedDataCache: Unable to find inner node CompressedPak for hierarchical cache Hierarchy.
[2020.10.19-20.49.44:927][  0]LogDerivedDataCache: Display: Pak cache opened for reading ../../../Engine/DerivedDataCache/Compressed.ddp.
[2020.10.19-20.49.44:928][  0]LogDerivedDataCache: FDerivedDataBackendGraph:  EnterprisePak pak cache file ../../../Enterprise/DerivedDataCache/Compressed.ddp not found, will not use a pak cache.
[2020.10.19-20.49.44:928][  0]LogDerivedDataCache: Unable to find inner node EnterprisePak for hierarchical cache Hierarchy.
[2020.10.19-20.49.44:930][  0]LogDerivedDataCache: Using Local data cache path C:/Users/troy/AppData/Local/UnrealEngine/Common/DerivedDataCache: Writable
[2020.10.19-20.49.44:930][  0]LogDerivedDataCache: Shared data cache path not found in *engine.ini, will not use an Shared cache.
[2020.10.19-20.49.44:930][  0]LogDerivedDataCache: Unable to find inner node Shared for hierarchical cache Hierarchy.
[2020.10.19-20.49.44:990][  0]LogSlate: Using FreeType 2.10.0
[2020.10.19-20.49.44:991][  0]LogSlate: SlateFontServices - WITH_FREETYPE: 1, WITH_HARFBUZZ: 1
[2020.10.19-20.49.45:020][  0]LogAssetRegistry: FAssetRegistry took 0.0033 seconds to start up
[2020.10.19-20.49.45:317][  0]LogInit: Selected Device Profile: [Windows]
[2020.10.19-20.49.45:461][  0]LogMeshReduction: Using QuadricMeshReduction for automatic static mesh reduction
[2020.10.19-20.49.45:461][  0]LogMeshReduction: Using SimplygonMeshReduction for automatic skeletal mesh reduction
[2020.10.19-20.49.45:461][  0]LogMeshReduction: Using ProxyLODMeshReduction for automatic mesh merging
[2020.10.19-20.49.45:461][  0]LogMeshReduction: No distributed automatic mesh merging module available
[2020.10.19-20.49.45:461][  0]LogMeshMerging: No distributed automatic mesh merging module available
[2020.10.19-20.49.45:483][  0]LogNetVersion: Capstone 1.0.0, NetCL: 13144385, EngineNetVer: 14, GameNetVer: 0 (Checksum: 9765729)
[2020.10.19-20.49.45:998][  0]LogAISub: UAISubsystem::UAISubsystem AISubsystem (00000268437E9340), frame # 0
[2020.10.19-20.49.45:998][  0]LogAISub: UAISubsystem::UAISubsystem AIPerceptionSystem (00000268447311C0), frame # 0
[2020.10.19-20.49.46:000][  0]LogAISub: UAISubsystem::UAISubsystem EnvQueryManager (0000026844775E00), frame # 0
[2020.10.19-20.49.46:099][  0]LogPackageLocalizationCache: Processed 21 localized package path(s) for 1 prioritized culture(s) in 0.091180 seconds
[2020.10.19-20.49.46:106][  0]LogUObjectArray: 15918 objects as part of root set at end of initial load.
[2020.10.19-20.49.46:106][  0]LogUObjectAllocator: 3965776 out of 0 bytes used by permanent object pool.
[2020.10.19-20.49.46:106][  0]LogUObjectArray: CloseDisregardForGC: 0/0 objects in disregard for GC pool
[2020.10.19-20.49.46:507][  0]LogPython: Using Python 2.7.14
[2020.10.19-20.49.47:574][  0]LogTcpMessaging: Initializing TcpMessaging bridge
[2020.10.19-20.49.47:580][  0]LogUdpMessaging: Initializing bridge on interface 0.0.0.0:0 to multicast group 230.0.0.1:6666.
[2020.10.19-20.49.47:807][  0]SourceControl: Source control is disabled
[2020.10.19-20.49.47:807][  0]SourceControl: Source control is disabled
[2020.10.19-20.49.47:812][  0]SourceControl: Source control is disabled
[2020.10.19-20.49.47:817][  0]SourceControl: Source control is disabled
[2020.10.19-20.49.47:834][  0]SourceControl: Source control is disabled
[2020.10.19-20.49.48:299][  0]LogAndroidPermission: UAndroidPermissionCallbackProxy::GetInstance
[2020.10.19-20.49.48:347][  0]LogAudioCaptureCore: Display: No Audio Capture implementations found. Audio input will be silent.
[2020.10.19-20.49.48:347][  0]LogAudioCaptureCore: Display: No Audio Capture implementations found. Audio input will be silent.
[2020.10.19-20.49.48:450][  0]LogOcInput: OculusInput pre-init called
[2020.10.19-20.49.48:466][  0]LogWindows: Failed to load 'OVRPlugin.dll' (GetLastError=126)
[2020.10.19-20.49.48:467][  0]LogWindows: File 'OVRPlugin.dll' does not exist
[2020.10.19-20.49.48:881][  0]LogEngine: Initializing Engine...
[2020.10.19-20.49.48:883][  0]LogHMD: Failed to initialize OpenVR with code 110
[2020.10.19-20.49.48:883][  0]LogMagicLeap: Warning: VR disabled because ZI is not enabled.  To enable, in the editor, Edit -> Project Settings -> Plugins -> Magic Leap Plugin -> Enable Zero Iteration
[2020.10.19-20.49.48:884][  0]LogStats: UGameplayTagsManager::InitializeManager -  0.000 s
[2020.10.19-20.49.49:008][  0]LogInit: Initializing FReadOnlyCVARCache
[2020.10.19-20.49.49:022][  0]LogAIModule: Creating AISystem for world Untitled
[2020.10.19-20.49.49:023][  0]LogAISub: UAISubsystem::UAISubsystem EnvQueryManager (00000268512F7C00), frame # 0
[2020.10.19-20.49.49:023][  0]LogAISub: UAISubsystem::UAISubsystem AIPerceptionSystem (00000268513551C0), frame # 0
[2020.10.19-20.49.49:030][  0]LogAudioMixer: Display: Audio Mixer Platform Settings:
[2020.10.19-20.49.49:030][  0]LogAudioMixer: Display: 	Sample Rate:						  48000
[2020.10.19-20.49.49:030][  0]LogAudioMixer: Display: 	Callback Buffer Frame Size Requested: 1024
[2020.10.19-20.49.49:030][  0]LogAudioMixer: Display: 	Callback Buffer Frame Size To Use:	  1024
[2020.10.19-20.49.49:030][  0]LogAudioMixer: Display: 	Number of buffers to queue:			  2
[2020.10.19-20.49.49:030][  0]LogAudioMixer: Display: 	Max Channels (voices):				  32
[2020.10.19-20.49.49:030][  0]LogAudioMixer: Display: 	Number of Async Source Workers:		  0
[2020.10.19-20.49.49:030][  0]LogAudio: Display: AudioDevice MaxSources: 32
[2020.10.19-20.49.49:031][  0]LogAudio: Display: Using built-in audio occlusion.
[2020.10.19-20.49.49:031][  0]LogAudioMixer: Display: Initializing audio mixer.
[2020.10.19-20.49.49:050][  0]LogAudioMixer: Display: 0: FrontLeft
[2020.10.19-20.49.49:050][  0]LogAudioMixer: Display: 1: FrontRight
[2020.10.19-20.49.49:095][  0]LogAudioMixer: Display: Using Audio Device Speakers (High Definition Audio Device)
[2020.10.19-20.49.49:098][  0]LogAudioMixer: Display: Initializing Sound Submixes...
[2020.10.19-20.49.49:101][  0]LogAudioMixer: Display: Creating Master Submix 'MasterSubmixDefault'
[2020.10.19-20.49.49:101][  0]LogAudioMixer: Display: Creating Master Submix 'MasterReverbSubmixDefault'
[2020.10.19-20.49.49:102][  0]LogAudioMixer: Display: Creating Master Submix 'MasterEQSubmixDefault'
[2020.10.19-20.49.49:103][  0]LogInit: FAudioDevice initialized.
[2020.10.19-20.49.49:104][  0]LogNetVersion: Set ProjectVersion to 1.0.0.0. Version Checksum will be recalculated on next use.
[2020.10.19-20.49.49:287][  0]LogDerivedDataCache: Saved boot cache 0.18s 76MB C:/Users/troy/AppData/Local/UnrealEngine/4.25/DerivedDataCache/Boot.ddc.
[2020.10.19-20.49.49:288][  0]LogInit: Texture streaming: Enabled
[2020.10.19-20.49.49:321][  0]LogEngineSessionManager: EngineSessionManager initialized
[2020.10.19-20.49.49:321][  0]LogEngineSessionManager: EngineSessionManager sent abnormal shutdown report. Type=Crashed, SessionId={7BF12B72-4A9E-1AB3-9FA6-238BFEEB0CC0}
[2020.10.19-20.49.49:321][  0]LogEditorSessionSummary: Verbose: Initializing EditorSessionSummaryWriter for editor session tracking
[2020.10.19-20.49.49:348][  0]LogEditorSessionSummary: EditorSessionSummaryWriter initialized
[2020.10.19-20.49.49:425][  0]LogInit: Transaction tracking system initialized
[2020.10.19-20.49.49:455][  0]BlueprintLog: New page: Editor Load
[2020.10.19-20.49.49:561][  0]LocalizationService: Localization service is disabled
[2020.10.19-20.49.49:790][  0]LogCook: Display: Max memory allowance for cook 16384mb min free memory 0mb
[2020.10.19-20.49.49:790][  0]LogCook: Display: Mobile HDR setting 1
[2020.10.19-20.49.50:023][  0]LogFileCache: Scanning file cache for directory 'C:/Users/troy/Documents/Repositories/Githubslabs/CIT419Capstone/Capstone/Content/' took 0.09s
[2020.10.19-20.49.50:263][  0]SourceControl: Source control is disabled
[2020.10.19-20.49.50:263][  0]LogUnrealEdMisc: Loading editor; pre map load, took 10.961
[2020.10.19-20.49.50:263][  0]Cmd: MAP LOAD FILE="../../../../../../Users/troy/Documents/Repositories/Githubslabs/CIT419Capstone/Capstone/Content/Maps/DefaultMap.umap" TEMPLATE=0 SHOWPROGRESS=1 FEATURELEVEL=3
[2020.10.19-20.49.50:263][  0]LightingResults: New page: Lighting Build
[2020.10.19-20.49.50:265][  0]LogWorld: UWorld::CleanupWorld for Untitled, bSessionEnded=true, bCleanupResources=true
[2020.10.19-20.49.50:265][  0]LogSlate: InvalidateAllWidgets triggered.  All widgets were invalidated
[2020.10.19-20.49.50:265][  0]MapCheck: New page: Map Check
[2020.10.19-20.49.50:265][  0]LightingResults: New page: Lighting Build
[2020.10.19-20.49.50:282][  0]LogAISub: UAISubsystem::~UAISubsystem EnvQueryManager (00000268512F7C00), frame # 0
[2020.10.19-20.49.50:283][  0]LogAISub: UAISubsystem::~UAISubsystem AIPerceptionSystem (00000268513551C0), frame # 0
[2020.10.19-20.49.50:283][  0]LogUObjectHash: Compacting FUObjectHashTables data took   0.89ms
[2020.10.19-20.49.50:762][  0]LogBlueprint: Warning: [Compiler RevenantPlayerCharacter] InputAction Event references unknown Action 'Jump' for  InputAction Jump
[2020.10.19-20.49.50:762][  0]LogBlueprint: Warning: [Compiler RevenantPlayerCharacter] Input Axis Event references unknown Axis 'LookUp' for  InputAxis LookUp
[2020.10.19-20.49.50:762][  0]LogBlueprint: Warning: [Compiler RevenantPlayerCharacter] InputAction Event references unknown Action 'ResetVR' for  InputAction ResetVR
[2020.10.19-20.49.50:763][  0]LogBlueprint: Warning: [Compiler RevenantPlayerCharacter] Input Axis Event references unknown Axis 'LookUpRate' for  InputAxis LookUpRate
[2020.10.19-20.49.50:763][  0]LogBlueprint: Warning: [Compiler RevenantPlayerCharacter] Input Axis Event references unknown Axis 'TurnRate' for  InputAxis TurnRate
[2020.10.19-20.49.50:763][  0]LogBlueprint: Warning: [Compiler RevenantPlayerCharacter] Input Axis Event references unknown Axis 'Turn' for  InputAxis Turn
[2020.10.19-20.49.50:763][  0]LogBlueprint: Warning: [Compiler RevenantPlayerCharacter] Input Axis Event references unknown Axis 'MoveRight' for  InputAxis MoveRight
[2020.10.19-20.49.50:763][  0]LogBlueprint: Warning: [Compiler RevenantPlayerCharacter] Input Axis Event references unknown Axis 'MoveForward' for  InputAxis MoveForward
[2020.10.19-20.49.51:405][  0]LogBlueprint: Warning: [Compiler DrongoPlayerCharacter] InputAction Event references unknown Action 'Jump' for  InputAction Jump
[2020.10.19-20.49.51:406][  0]LogBlueprint: Warning: [Compiler DrongoPlayerCharacter] Input Axis Event references unknown Axis 'LookUp' for  InputAxis LookUp
[2020.10.19-20.49.51:406][  0]LogBlueprint: Warning: [Compiler DrongoPlayerCharacter] InputAction Event references unknown Action 'ResetVR' for  InputAction ResetVR
[2020.10.19-20.49.51:406][  0]LogBlueprint: Warning: [Compiler DrongoPlayerCharacter] Input Axis Event references unknown Axis 'LookUpRate' for  InputAxis LookUpRate
[2020.10.19-20.49.51:406][  0]LogBlueprint: Warning: [Compiler DrongoPlayerCharacter] Input Axis Event references unknown Axis 'TurnRate' for  InputAxis TurnRate
[2020.10.19-20.49.51:406][  0]LogBlueprint: Warning: [Compiler DrongoPlayerCharacter] Input Axis Event references unknown Axis 'Turn' for  InputAxis Turn
[2020.10.19-20.49.51:407][  0]LogBlueprint: Warning: [Compiler DrongoPlayerCharacter] Input Axis Event references unknown Axis 'MoveRight' for  InputAxis MoveRight
[2020.10.19-20.49.51:407][  0]LogBlueprint: Warning: [Compiler DrongoPlayerCharacter] Input Axis Event references unknown Axis 'MoveForward' for  InputAxis MoveForward
[2020.10.19-20.49.53:071][  0]LogAIModule: Creating AISystem for world DefaultMap
[2020.10.19-20.49.53:071][  0]LogAISub: UAISubsystem::UAISubsystem EnvQueryManager (00000268649AFE00), frame # 0
[2020.10.19-20.49.53:071][  0]LogAISub: UAISubsystem::UAISubsystem AIPerceptionSystem (00000268649CF380), frame # 0
[2020.10.19-20.49.53:089][  0]LogEditorServer: Finished looking for orphan Actors (0.000 secs)
[2020.10.19-20.49.53:114][  0]LogUObjectHash: Compacting FUObjectHashTables data took   1.35ms
[2020.10.19-20.49.53:116][  0]Cmd: MAP CHECKDEP NOCLEARLOG
[2020.10.19-20.49.53:117][  0]MapCheck: Map check complete: 0 Error(s), 0 Warning(s), took 0.475ms to complete.
[2020.10.19-20.49.53:117][  0]LogFileHelpers: Loading map 'DefaultMap' took 2.854
[2020.10.19-20.49.53:128][  0]LogUnrealEdMisc: Total Editor Startup Time, took 13.826
[2020.10.19-20.49.53:314][  0]LogSlate: Updating window title bar state: overlay mode, drag disabled, window buttons hidden, title bar hidden
[2020.10.19-20.49.53:322][  0]LogSlate: Updating window title bar state: overlay mode, drag disabled, window buttons hidden, title bar hidden
[2020.10.19-20.49.53:331][  0]LogSlate: Updating window title bar state: overlay mode, drag disabled, window buttons hidden, title bar hidden
[2020.10.19-20.49.53:339][  0]LogSlate: Updating window title bar state: overlay mode, drag disabled, window buttons hidden, title bar hidden
[2020.10.19-20.49.53:360][  0]LogCollectionManager: Loaded 0 collections in 0.003934 seconds
[2020.10.19-20.49.53:379][  0]LogFileCache: Scanning file cache for directory 'C:/Users/troy/Documents/Repositories/Githubslabs/CIT419Capstone/Capstone/Saved/Collections/' took 0.00s
[2020.10.19-20.49.53:379][  0]LogFileCache: Scanning file cache for directory 'C:/Users/troy/Documents/Repositories/Githubslabs/CIT419Capstone/Capstone/Content/Developers/troy/Collections/' took 0.00s
[2020.10.19-20.49.53:379][  0]LogFileCache: Scanning file cache for directory 'C:/Users/troy/Documents/Repositories/Githubslabs/CIT419Capstone/Capstone/Content/Collections/' took 0.00s
[2020.10.19-20.49.53:379][  0]LogContentBrowser: Native class hierarchy populated in 0.0130 seconds. Added 3488 classes and 844 folders.
[2020.10.19-20.49.53:384][  0]LogContentBrowser: Native class hierarchy updated for 'WidgetCarousel' in 0.0007 seconds. Added 0 classes and 0 folders.
[2020.10.19-20.49.53:487][  0]LogContentBrowser: Native class hierarchy updated for 'AddContentDialog' in 0.0008 seconds. Added 0 classes and 0 folders.
[2020.10.19-20.49.53:492][  0]LogContentBrowser: Native class hierarchy updated for 'SceneOutliner' in 0.0007 seconds. Added 2 classes and 0 folders.
[2020.10.19-20.49.54:288][  0]LogSlate: Took 0.000322 seconds to synchronously load lazily loaded font '../../../Engine/Content/Slate/Fonts/Roboto-Regular.ttf' (155K)
[2020.10.19-20.49.54:291][  0]LogSlate: Took 0.000343 seconds to synchronously load lazily loaded font '../../../Engine/Content/Slate/Fonts/Roboto-Bold.ttf' (160K)
[2020.10.19-20.49.54:298][  0]LogSlate: Took 0.000296 seconds to synchronously load lazily loaded font '../../../Engine/Content/Editor/Slate/Fonts/FontAwesome.ttf' (139K)
[2020.10.19-20.49.54:381][  0]LogRenderer: Reallocating scene render targets to support 1160x616 Format 10 NumSamples 1 (Frame:1).
[2020.10.19-20.49.54:440][  0]LogSlate: Took 0.000202 seconds to synchronously load lazily loaded font '../../../Engine/Content/Slate/Fonts/Roboto-Light.ttf' (167K)
[2020.10.19-20.49.54:489][  0]LogContentBrowser: Native class hierarchy updated for 'HierarchicalLODOutliner' in 0.0008 seconds. Added 0 classes and 0 folders.
[2020.10.19-20.49.54:490][  0]LogLoad: (Engine Initialization) Total time: 15.19 seconds
[2020.10.19-20.49.54:490][  0]LogLoad: (Engine Initialization) Total Blueprint compile time: 0.00 seconds
[2020.10.19-20.49.54:586][  0]LogContentStreaming: Texture pool size now 1000 MB
[2020.10.19-20.49.54:643][  1]LogFileCache: Retrieving MD5 hashes for directory 'C:/Users/troy/Documents/Repositories/Githubslabs/CIT419Capstone/Capstone/Content/' took 0.14s
[2020.10.19-20.49.54:676][  1]LogAssetRegistry: Asset discovery search completed in 9.6575 seconds
[2020.10.19-20.49.54:682][  1]LogCollectionManager: Fixed up redirectors for 0 collections in 0.000002 seconds (updated 0 objects)
[2020.10.19-20.50.00:494][325]LogSlate: Took 0.000274 seconds to synchronously load lazily loaded font '../../../Engine/Content/Slate/Fonts/Roboto-Light.ttf' (167K)
[2020.10.19-20.50.00:525][325]LogAssetEditorSubsystem: Opening Asset editor for World /Game/Maps/MainMenuMap.MainMenuMap
[2020.10.19-20.50.00:553][325]LogUObjectHash: Compacting FUObjectHashTables data took   1.17ms
[2020.10.19-20.50.00:556][325]Cmd: MAP LOAD FILE="../../../../../../Users/troy/Documents/Repositories/Githubslabs/CIT419Capstone/Capstone/Content/Maps/MainMenuMap.umap" TEMPLATE=0 SHOWPROGRESS=1 FEATURELEVEL=3
[2020.10.19-20.50.00:556][325]LightingResults: New page: Lighting Build
[2020.10.19-20.50.00:556][325]LoadErrors: New page: Loading map: MainMenuMap.umap
[2020.10.19-20.50.00:558][325]LogWorld: UWorld::CleanupWorld for DefaultMap, bSessionEnded=true, bCleanupResources=true
[2020.10.19-20.50.00:558][325]LogSlate: InvalidateAllWidgets triggered.  All widgets were invalidated
[2020.10.19-20.50.00:558][325]MapCheck: New page: Map Check
[2020.10.19-20.50.00:558][325]LightingResults: New page: Lighting Build
[2020.10.19-20.50.00:580][325]LogAISub: UAISubsystem::~UAISubsystem EnvQueryManager (00000268649AFE00), frame # 325
[2020.10.19-20.50.00:580][325]LogAISub: UAISubsystem::~UAISubsystem AIPerceptionSystem (00000268649CF380), frame # 325
[2020.10.19-20.50.00:581][325]LogUObjectHash: Compacting FUObjectHashTables data took   1.11ms
[2020.10.19-20.50.00:652][325]LogEditorServer: Finished looking for orphan Actors (0.000 secs)
[2020.10.19-20.50.00:652][325]LogAIModule: Creating AISystem for world MainMenuMap
[2020.10.19-20.50.00:652][325]LogAISub: UAISubsystem::UAISubsystem EnvQueryManager (000002687AEB9800), frame # 325
[2020.10.19-20.50.00:653][325]LogAISub: UAISubsystem::UAISubsystem AIPerceptionSystem (000002685F852840), frame # 325
[2020.10.19-20.50.00:674][325]LogUObjectHash: Compacting FUObjectHashTables data took   0.93ms
[2020.10.19-20.50.00:717][325]Cmd: MAP CHECKDEP NOCLEARLOG
[2020.10.19-20.50.00:719][325]MapCheck: Map check complete: 0 Error(s), 0 Warning(s), took 1.491ms to complete.
[2020.10.19-20.50.00:719][325]LogFileHelpers: Loading map 'MainMenuMap' took 0.163
[2020.10.19-20.50.02:048][469]LogTemp: Repeating last play command: Selected Viewport
[2020.10.19-20.50.02:081][469]LogPlayLevel: PlayLevel: No blueprints needed recompiling
[2020.10.19-20.50.02:081][469]PIE: New page: PIE session: MainMenuMap (Oct 19, 2020, 12:50:02 PM)
[2020.10.19-20.50.02:082][469]LogOnline: OSS: Creating online subsystem instance for: NULL
[2020.10.19-20.50.02:084][469]LogOnline: OSS: TryLoadSubsystemAndSetDefault: Loaded subsystem for module [NULL]
[2020.10.19-20.50.02:084][469]LogPlayLevel: Creating play world package: /Game/Maps/UEDPIE_0_MainMenuMap
[2020.10.19-20.50.02:085][469]LogPlayLevel: PIE: StaticDuplicateObject took: (0.001175s)
[2020.10.19-20.50.02:086][469]LogAIModule: Creating AISystem for world MainMenuMap
[2020.10.19-20.50.02:086][469]LogAISub: UAISubsystem::UAISubsystem EnvQueryManager (0000026878FFB400), frame # 469
[2020.10.19-20.50.02:086][469]LogAISub: UAISubsystem::UAISubsystem AIPerceptionSystem (000002685E9FD440), frame # 469
[2020.10.19-20.50.02:086][469]LogPlayLevel: PIE: World Init took: (0.001109s)
[2020.10.19-20.50.02:086][469]LogPlayLevel: PIE: Created PIE world by copying editor world from /Game/Maps/MainMenuMap.MainMenuMap to /Game/Maps/UEDPIE_0_MainMenuMap.MainMenuMap (0.002424s)
[2020.10.19-20.50.02:106][469]LogUObjectHash: Compacting FUObjectHashTables data took   1.02ms
[2020.10.19-20.50.02:107][469]LogAudioMixer: Display: Audio Mixer Platform Settings:
[2020.10.19-20.50.02:107][469]LogAudioMixer: Display: 	Sample Rate:						  48000
[2020.10.19-20.50.02:107][469]LogAudioMixer: Display: 	Callback Buffer Frame Size Requested: 1024
[2020.10.19-20.50.02:107][469]LogAudioMixer: Display: 	Callback Buffer Frame Size To Use:	  1024
[2020.10.19-20.50.02:107][469]LogAudioMixer: Display: 	Number of buffers to queue:			  2
[2020.10.19-20.50.02:107][469]LogAudioMixer: Display: 	Max Channels (voices):				  32
[2020.10.19-20.50.02:107][469]LogAudioMixer: Display: 	Number of Async Source Workers:		  0
[2020.10.19-20.50.02:107][469]LogAudio: Display: AudioDevice MaxSources: 32
[2020.10.19-20.50.02:108][469]LogAudio: Display: Using built-in audio occlusion.
[2020.10.19-20.50.02:108][469]LogAudioMixer: Display: Initializing audio mixer.
[2020.10.19-20.50.02:114][469]LogAudioMixer: Display: 0: FrontLeft
[2020.10.19-20.50.02:114][469]LogAudioMixer: Display: 1: FrontRight
[2020.10.19-20.50.02:134][469]LogAudioMixer: Display: Using Audio Device Speakers (High Definition Audio Device)
[2020.10.19-20.50.02:134][469]LogAudioMixer: Display: Initializing Sound Submixes...
[2020.10.19-20.50.02:135][469]LogAudioMixer: Display: Creating Master Submix 'MasterSubmixDefault'
[2020.10.19-20.50.02:135][469]LogAudioMixer: Display: Creating Master Submix 'MasterReverbSubmixDefault'
[2020.10.19-20.50.02:135][469]LogAudioMixer: Display: Creating Master Submix 'MasterEQSubmixDefault'
[2020.10.19-20.50.02:150][469]LogInit: FAudioDevice initialized.
[2020.10.19-20.50.02:162][469]LogLoad: Game class is 'GameModeBase'
[2020.10.19-20.50.02:163][469]LogWorld: Bringing World /Game/Maps/UEDPIE_0_MainMenuMap.MainMenuMap up for play (max tick rate 0) at 2020.10.19-16.50.02
[2020.10.19-20.50.02:164][469]LogWorld: Bringing up level for play took: 0.000372
[2020.10.19-20.50.02:164][469]LogOnline: OSS: Creating online subsystem instance for: :Context_2
[2020.10.19-20.50.02:169][469]LogContentBrowser: Native class hierarchy updated for 'MovieSceneCapture' in 0.0008 seconds. Added 20 classes and 0 folders.
[2020.10.19-20.50.02:171][469]PIE: Server logged in
[2020.10.19-20.50.02:173][469]PIE: Play in editor total start time 0.102 seconds.
[2020.10.19-20.50.02:837][544]LogGameMode: ProcessServerTravel: /Game/Maps/DefaultMap
[2020.10.19-20.50.02:839][544]LogEngine: Server switch level: /Game/Maps/DefaultMap
[2020.10.19-20.50.02:839][544]LogNet: Browse: /Game/Maps/DefaultMap
[2020.10.19-20.50.02:839][544]LogLoad: LoadMap: /Game/Maps/DefaultMap
[2020.10.19-20.50.02:839][544]LogWorld: BeginTearingDown for /Game/Maps/UEDPIE_0_MainMenuMap
[2020.10.19-20.50.02:840][544]LogWorld: UWorld::CleanupWorld for MainMenuMap, bSessionEnded=true, bCleanupResources=true
[2020.10.19-20.50.02:840][544]LogSlate: InvalidateAllWidgets triggered.  All widgets were invalidated
[2020.10.19-20.50.02:894][544]LogAISub: UAISubsystem::~UAISubsystem AIPerceptionSystem (000002685E9FD440), frame # 544
[2020.10.19-20.50.02:894][544]LogAISub: UAISubsystem::~UAISubsystem EnvQueryManager (0000026878FFB400), frame # 544
[2020.10.19-20.50.02:895][544]LogUObjectHash: Compacting FUObjectHashTables data took   1.02ms
[2020.10.19-20.50.02:939][544]LogAIModule: Creating AISystem for world DefaultMap
[2020.10.19-20.50.02:939][544]LogAISub: UAISubsystem::UAISubsystem EnvQueryManager (000002686126BE00), frame # 544
[2020.10.19-20.50.02:939][544]LogAISub: UAISubsystem::UAISubsystem AIPerceptionSystem (00000268648D1E40), frame # 544
[2020.10.19-20.50.02:940][544]LogLoad: Game class is 'BP_MainGameMode_C'
[2020.10.19-20.50.02:943][544]LogWorld: Bringing World /Game/Maps/UEDPIE_0_DefaultMap.DefaultMap up for play (max tick rate 0) at 2020.10.19-16.50.02
[2020.10.19-20.50.02:943][544]LogWorld: Bringing up level for play took: 0.002614
[2020.10.19-20.50.02:947][544]LogTemp: Warning: I am loading a save! (not really)
[2020.10.19-20.50.02:947][544]LogTemp: Warning: TurretSaveData.Num : 0
[2020.10.19-20.50.02:947][544]LogTemp: Warning: EnemySaveDatas.Num : 1
[2020.10.19-20.50.02:947][544]LogTemp: Warning: I should be creating a turret...
[2020.10.19-20.50.02:948][544]LogScript: Warning: Script Msg: Divide by zero detected: 0.000000 / 0
Script call stack:
	Function /Game/ParagonRevenant/Characters/Heroes/Revenant/Revenant_AnimBlueprint.Revenant_AnimBlueprint_C:BlueprintUpdateAnimation
	Function /Game/ParagonRevenant/Characters/Heroes/Revenant/Revenant_AnimBlueprint.Revenant_AnimBlueprint_C:ExecuteUbergraph_Revenant_AnimBlueprint

[2020.10.19-20.50.02:958][544]LogTemp: Warning: ResourceDropSaveDatas.Num : 2
[2020.10.19-20.50.02:958][544]LogTemp: Warning: I should be creating a turret...
[2020.10.19-20.50.02:959][544]LogTemp: Warning: I should be creating a turret...
[2020.10.19-20.50.02:961][544]LogLoad: Took 0.121951 seconds to LoadMap(/Game/Maps/DefaultMap)
[2020.10.19-20.50.05:187][806]LogParticles: Warning: Particle Notify: Particle system is null for particle notify 'PlayParticleEffect' in anim: '/Game/ParagonRevenant/Characters/Heroes/Revenant/Animations/LevelStart_Montage.LevelStart_Montage'
[2020.10.19-20.50.06:556][963]LogSlate: Updating window title bar state: overlay mode, drag disabled, window buttons hidden, title bar hidden
[2020.10.19-20.50.06:556][963]LogWorld: BeginTearingDown for /Game/Maps/UEDPIE_0_DefaultMap
[2020.10.19-20.50.06:557][963]LogWorld: UWorld::CleanupWorld for DefaultMap, bSessionEnded=true, bCleanupResources=true
[2020.10.19-20.50.06:558][963]LogSlate: InvalidateAllWidgets triggered.  All widgets were invalidated
[2020.10.19-20.50.06:564][963]LogPlayLevel: Display: Shutting down PIE online subsystems
[2020.10.19-20.50.06:566][963]LogSlate: InvalidateAllWidgets triggered.  All widgets were invalidated
[2020.10.19-20.50.06:606][963]LogSlate: Updating window title bar state: overlay mode, drag disabled, window buttons hidden, title bar hidden
[2020.10.19-20.50.06:608][963]LogAISub: UAISubsystem::~UAISubsystem AIPerceptionSystem (00000268648D1E40), frame # 963
[2020.10.19-20.50.06:608][963]LogAISub: UAISubsystem::~UAISubsystem EnvQueryManager (000002686126BE00), frame # 963
[2020.10.19-20.50.06:609][963]LogUObjectHash: Compacting FUObjectHashTables data took   1.04ms
[2020.10.19-20.50.06:654][964]LogPlayLevel: Display: Destroying online subsystem :Context_2
[2020.10.19-20.50.07:353][ 37]LogUObjectHash: Compacting FUObjectHashTables data took   0.96ms
[2020.10.19-20.50.07:414][ 37]LogSavePackage: Moving '../../../../../../Users/troy/Documents/Repositories/Githubslabs/CIT419Capstone/Capstone/Saved/MainMenuMap865E58934A632BF0129D3B904A1AA758.tmp' to '../../../../../../Users/troy/Documents/Repositories/Githubslabs/CIT419Capstone/Capstone/Content/Maps/MainMenuMap.umap'
[2020.10.19-20.50.07:471][ 37]AssetCheck: New page: Asset Save: MainMenuMap
[2020.10.19-20.50.07:471][ 37]LogContentValidation: Display: Validating World /Game/Maps/MainMenuMap.MainMenuMap
[2020.10.19-20.52.24:265][986]LogUObjectHash: Compacting FUObjectHashTables data took   0.50ms
[2020.10.19-20.52.24:324][986]LogSavePackage: Moving '../../../../../../Users/troy/Documents/Repositories/Githubslabs/CIT419Capstone/Capstone/Saved/MainMenuMap81CBEFBD4A20E70AEA20F5813701068F.tmp' to '../../../../../../Users/troy/Documents/Repositories/Githubslabs/CIT419Capstone/Capstone/Content/Maps/MainMenuMap.umap'
[2020.10.19-20.52.24:379][986]AssetCheck: New page: Asset Save: MainMenuMap
[2020.10.19-20.52.24:380][986]LogContentValidation: Display: Validating World /Game/Maps/MainMenuMap.MainMenuMap
[2020.10.19-20.52.26:398][215]LogAssetEditorSubsystem: Opening Asset editor for World /Game/Maps/DefaultMap.DefaultMap
[2020.10.19-20.52.26:416][215]LogUObjectHash: Compacting FUObjectHashTables data took   1.02ms
[2020.10.19-20.52.26:418][215]Cmd: MAP LOAD FILE="../../../../../../Users/troy/Documents/Repositories/Githubslabs/CIT419Capstone/Capstone/Content/Maps/DefaultMap.umap" TEMPLATE=0 SHOWPROGRESS=1 FEATURELEVEL=3
[2020.10.19-20.52.26:418][215]LightingResults: New page: Lighting Build
[2020.10.19-20.52.26:418][215]LoadErrors: New page: Loading map: DefaultMap.umap
[2020.10.19-20.52.26:456][215]LogWorld: UWorld::CleanupWorld for MainMenuMap, bSessionEnded=true, bCleanupResources=true
[2020.10.19-20.52.26:456][215]LogSlate: InvalidateAllWidgets triggered.  All widgets were invalidated
[2020.10.19-20.52.26:456][215]MapCheck: New page: Map Check
[2020.10.19-20.52.26:456][215]LightingResults: New page: Lighting Build
[2020.10.19-20.52.26:474][215]LogAISub: UAISubsystem::~UAISubsystem AIPerceptionSystem (000002685F852840), frame # 2215
[2020.10.19-20.52.26:474][215]LogAISub: UAISubsystem::~UAISubsystem EnvQueryManager (000002687AEB9800), frame # 2215
[2020.10.19-20.52.26:476][215]LogUObjectHash: Compacting FUObjectHashTables data took   1.19ms
[2020.10.19-20.52.27:357][215]LogEditorServer: Finished looking for orphan Actors (0.000 secs)
[2020.10.19-20.52.27:357][215]LogAIModule: Creating AISystem for world DefaultMap
[2020.10.19-20.52.27:357][215]LogAISub: UAISubsystem::UAISubsystem EnvQueryManager (0000026897331200), frame # 2215
[2020.10.19-20.52.27:357][215]LogAISub: UAISubsystem::UAISubsystem AIPerceptionSystem (0000026860FE2D40), frame # 2215
[2020.10.19-20.52.27:378][215]LogUObjectHash: Compacting FUObjectHashTables data took   1.01ms
[2020.10.19-20.52.27:421][215]Cmd: MAP CHECKDEP NOCLEARLOG
[2020.10.19-20.52.27:421][215]MapCheck: Map check complete: 0 Error(s), 0 Warning(s), took 0.197ms to complete.
[2020.10.19-20.52.27:422][215]LogFileHelpers: Loading map 'DefaultMap' took 1.004
[2020.10.19-20.52.28:350][313]LogAssetEditorSubsystem: Opening Asset editor for World /Game/Maps/MainMenuMap.MainMenuMap
[2020.10.19-20.52.28:370][313]LogUObjectHash: Compacting FUObjectHashTables data took   1.21ms
[2020.10.19-20.52.28:371][313]Cmd: MAP LOAD FILE="../../../../../../Users/troy/Documents/Repositories/Githubslabs/CIT419Capstone/Capstone/Content/Maps/MainMenuMap.umap" TEMPLATE=0 SHOWPROGRESS=1 FEATURELEVEL=3
[2020.10.19-20.52.28:371][313]LightingResults: New page: Lighting Build
[2020.10.19-20.52.28:371][313]LoadErrors: New page: Loading map: MainMenuMap.umap
[2020.10.19-20.52.28:372][313]LogWorld: UWorld::CleanupWorld for DefaultMap, bSessionEnded=true, bCleanupResources=true
[2020.10.19-20.52.28:373][313]LogSlate: InvalidateAllWidgets triggered.  All widgets were invalidated
[2020.10.19-20.52.28:373][313]MapCheck: New page: Map Check
[2020.10.19-20.52.28:373][313]LightingResults: New page: Lighting Build
[2020.10.19-20.52.28:392][313]LogAISub: UAISubsystem::~UAISubsystem AIPerceptionSystem (0000026860FE2D40), frame # 2313
[2020.10.19-20.52.28:393][313]LogAISub: UAISubsystem::~UAISubsystem EnvQueryManager (0000026897331200), frame # 2313
[2020.10.19-20.52.28:394][313]LogUObjectHash: Compacting FUObjectHashTables data took   1.08ms
[2020.10.19-20.52.28:495][313]LogEditorServer: Finished looking for orphan Actors (0.000 secs)
[2020.10.19-20.52.28:495][313]LogAIModule: Creating AISystem for world MainMenuMap
[2020.10.19-20.52.28:495][313]LogAISub: UAISubsystem::UAISubsystem EnvQueryManager (000002688358BE00), frame # 2313
[2020.10.19-20.52.28:496][313]LogAISub: UAISubsystem::UAISubsystem AIPerceptionSystem (000002685F7A4680), frame # 2313
[2020.10.19-20.52.28:517][313]LogUObjectHash: Compacting FUObjectHashTables data took   0.95ms
[2020.10.19-20.52.28:561][313]Cmd: MAP CHECKDEP NOCLEARLOG
[2020.10.19-20.52.28:562][313]MapCheck: Map check complete: 0 Error(s), 0 Warning(s), took 1.587ms to complete.
[2020.10.19-20.52.28:562][313]LogFileHelpers: Loading map 'MainMenuMap' took 0.192
[2020.10.19-20.52.29:439][409]LogTemp: Repeating last play command: Selected Viewport
[2020.10.19-20.52.29:474][409]LogPlayLevel: PlayLevel: No blueprints needed recompiling
[2020.10.19-20.52.29:474][409]PIE: New page: PIE session: MainMenuMap (Oct 19, 2020, 12:52:29 PM)
[2020.10.19-20.52.29:474][409]LogPlayLevel: Creating play world package: /Game/Maps/UEDPIE_0_MainMenuMap
[2020.10.19-20.52.29:475][409]LogPlayLevel: PIE: StaticDuplicateObject took: (0.001232s)
[2020.10.19-20.52.29:476][409]LogAIModule: Creating AISystem for world MainMenuMap
[2020.10.19-20.52.29:476][409]LogAISub: UAISubsystem::UAISubsystem EnvQueryManager (00000268976EC600), frame # 2409
[2020.10.19-20.52.29:476][409]LogAISub: UAISubsystem::UAISubsystem AIPerceptionSystem (0000026839D4F240), frame # 2409
[2020.10.19-20.52.29:476][409]LogPlayLevel: PIE: World Init took: (0.001114s)
[2020.10.19-20.52.29:476][409]LogPlayLevel: PIE: Created PIE world by copying editor world from /Game/Maps/MainMenuMap.MainMenuMap to /Game/Maps/UEDPIE_0_MainMenuMap.MainMenuMap (0.002483s)
[2020.10.19-20.52.29:495][409]LogUObjectHash: Compacting FUObjectHashTables data took   0.96ms
[2020.10.19-20.52.29:496][409]LogAudioMixer: Display: Audio Mixer Platform Settings:
[2020.10.19-20.52.29:496][409]LogAudioMixer: Display: 	Sample Rate:						  48000
[2020.10.19-20.52.29:496][409]LogAudioMixer: Display: 	Callback Buffer Frame Size Requested: 1024
[2020.10.19-20.52.29:496][409]LogAudioMixer: Display: 	Callback Buffer Frame Size To Use:	  1024
[2020.10.19-20.52.29:496][409]LogAudioMixer: Display: 	Number of buffers to queue:			  2
[2020.10.19-20.52.29:496][409]LogAudioMixer: Display: 	Max Channels (voices):				  32
[2020.10.19-20.52.29:496][409]LogAudioMixer: Display: 	Number of Async Source Workers:		  0
[2020.10.19-20.52.29:496][409]LogAudio: Display: AudioDevice MaxSources: 32
[2020.10.19-20.52.29:497][409]LogAudio: Display: Using built-in audio occlusion.
[2020.10.19-20.52.29:497][409]LogAudioMixer: Display: Initializing audio mixer.
[2020.10.19-20.52.29:503][409]LogAudioMixer: Display: 0: FrontLeft
[2020.10.19-20.52.29:503][409]LogAudioMixer: Display: 1: FrontRight
[2020.10.19-20.52.29:525][409]LogAudioMixer: Display: Using Audio Device Speakers (High Definition Audio Device)
[2020.10.19-20.52.29:525][409]LogAudioMixer: Display: Initializing Sound Submixes...
[2020.10.19-20.52.29:525][409]LogAudioMixer: Display: Creating Master Submix 'MasterSubmixDefault'
[2020.10.19-20.52.29:525][409]LogAudioMixer: Display: Creating Master Submix 'MasterReverbSubmixDefault'
[2020.10.19-20.52.29:526][409]LogAudioMixer: Display: Creating Master Submix 'MasterEQSubmixDefault'
[2020.10.19-20.52.29:542][409]LogInit: FAudioDevice initialized.
[2020.10.19-20.52.29:551][409]LogLoad: Game class is 'GameModeBase'
[2020.10.19-20.52.29:552][409]LogWorld: Bringing World /Game/Maps/UEDPIE_0_MainMenuMap.MainMenuMap up for play (max tick rate 0) at 2020.10.19-16.52.29
[2020.10.19-20.52.29:552][409]LogWorld: Bringing up level for play took: 0.000369
[2020.10.19-20.52.29:552][409]LogOnline: OSS: Creating online subsystem instance for: :Context_3
[2020.10.19-20.52.29:556][409]PIE: Server logged in
[2020.10.19-20.52.29:557][409]PIE: Play in editor total start time 0.094 seconds.
[2020.10.19-20.52.30:382][506]LogGameMode: ProcessServerTravel: /Game/Maps/DefaultMap
[2020.10.19-20.52.30:384][506]LogEngine: Server switch level: /Game/Maps/DefaultMap
[2020.10.19-20.52.30:384][506]LogNet: Browse: /Game/Maps/DefaultMap
[2020.10.19-20.52.30:384][506]LogLoad: LoadMap: /Game/Maps/DefaultMap
[2020.10.19-20.52.30:384][506]LogWorld: BeginTearingDown for /Game/Maps/UEDPIE_0_MainMenuMap
[2020.10.19-20.52.30:385][506]LogWorld: UWorld::CleanupWorld for MainMenuMap, bSessionEnded=true, bCleanupResources=true
[2020.10.19-20.52.30:385][506]LogSlate: InvalidateAllWidgets triggered.  All widgets were invalidated
[2020.10.19-20.52.30:434][506]LogAISub: UAISubsystem::~UAISubsystem AIPerceptionSystem (0000026839D4F240), frame # 2506
[2020.10.19-20.52.30:434][506]LogAISub: UAISubsystem::~UAISubsystem EnvQueryManager (00000268976EC600), frame # 2506
[2020.10.19-20.52.30:436][506]LogUObjectHash: Compacting FUObjectHashTables data took   1.23ms
[2020.10.19-20.52.30:482][506]LogAIModule: Creating AISystem for world DefaultMap
[2020.10.19-20.52.30:482][506]LogAISub: UAISubsystem::UAISubsystem EnvQueryManager (00000268833C5800), frame # 2506
[2020.10.19-20.52.30:483][506]LogAISub: UAISubsystem::UAISubsystem AIPerceptionSystem (00000268345BC680), frame # 2506
[2020.10.19-20.52.30:483][506]LogLoad: Game class is 'BP_MainGameMode_C'
[2020.10.19-20.52.30:486][506]LogWorld: Bringing World /Game/Maps/UEDPIE_0_DefaultMap.DefaultMap up for play (max tick rate 0) at 2020.10.19-16.52.30
[2020.10.19-20.52.30:486][506]LogWorld: Bringing up level for play took: 0.002705
[2020.10.19-20.52.30:488][506]LogTemp: Warning: I am loading a save! (not really)
[2020.10.19-20.52.30:489][506]LogTemp: Warning: TurretSaveData.Num : 0
[2020.10.19-20.52.30:489][506]LogTemp: Warning: EnemySaveDatas.Num : 1
[2020.10.19-20.52.30:489][506]LogTemp: Warning: I should be creating a turret...
[2020.10.19-20.52.30:490][506]LogScript: Warning: Script Msg: Divide by zero detected: 0.000000 / 0
Script call stack:
	Function /Game/ParagonRevenant/Characters/Heroes/Revenant/Revenant_AnimBlueprint.Revenant_AnimBlueprint_C:BlueprintUpdateAnimation
	Function /Game/ParagonRevenant/Characters/Heroes/Revenant/Revenant_AnimBlueprint.Revenant_AnimBlueprint_C:ExecuteUbergraph_Revenant_AnimBlueprint

[2020.10.19-20.52.30:501][506]LogTemp: Warning: ResourceDropSaveDatas.Num : 2
[2020.10.19-20.52.30:501][506]LogTemp: Warning: I should be creating a turret...
[2020.10.19-20.52.30:501][506]LogTemp: Warning: I should be creating a turret...
[2020.10.19-20.52.30:503][506]LogLoad: Took 0.118750 seconds to LoadMap(/Game/Maps/DefaultMap)
[2020.10.19-20.52.32:733][771]LogParticles: Warning: Particle Notify: Particle system is null for particle notify 'PlayParticleEffect' in anim: '/Game/ParagonRevenant/Characters/Heroes/Revenant/Animations/LevelStart_Montage.LevelStart_Montage'
[2020.10.19-20.52.36:976][280]LogTemp: Warning: Equipped Launcher, with a damage value of 50.000000
[2020.10.19-20.52.38:599][474]LogTemp: Warning: I am destroying...
[2020.10.19-20.52.38:600][474]LogBlueprintUserMessages: [WBP_FloatingDamageNumbers_C_0] Anim!
[2020.10.19-20.52.39:757][613]LogTemp: Warning: I am destroying...
[2020.10.19-20.52.39:758][613]LogTemp: Warning: I am destroying...
[2020.10.19-20.52.42:407][929]LogTemp: Warning: Pausing
[2020.10.19-20.52.43:089][ 11]LogTemp: Warning: Purging arrays...
[2020.10.19-20.52.43:089][ 11]LogTemp: Warning: TurretSavesDatas: 0
[2020.10.19-20.52.43:089][ 11]LogTemp: Warning: EnemySaveDatas: 0
[2020.10.19-20.52.43:089][ 11]LogTemp: Warning: ResourceDropSaveDatas: 0
[2020.10.19-20.52.43:089][ 11]LogTemp: Warning: WeaponDropSaveDatas: 0
[2020.10.19-20.52.43:095][ 11]LogTemp: Warning: Saving...
[2020.10.19-20.52.43:095][ 11]LogTemp: Warning: Quit
[2020.10.19-20.52.43:095][ 11]LogGameMode: ProcessServerTravel: /Game/Maps/MainMenuMap
[2020.10.19-20.52.43:096][ 11]LogEngine: Server switch level: /Game/Maps/MainMenuMap
[2020.10.19-20.52.43:096][ 11]LogNet: Browse: /Game/Maps/MainMenuMap
[2020.10.19-20.52.43:096][ 11]LogLoad: LoadMap: /Game/Maps/MainMenuMap
[2020.10.19-20.52.43:096][ 11]LogWorld: BeginTearingDown for /Game/Maps/UEDPIE_0_DefaultMap
[2020.10.19-20.52.43:096][ 11]LogWorld: UWorld::CleanupWorld for DefaultMap, bSessionEnded=true, bCleanupResources=true
[2020.10.19-20.52.43:097][ 11]LogSlate: InvalidateAllWidgets triggered.  All widgets were invalidated
[2020.10.19-20.52.43:146][ 11]LogAISub: UAISubsystem::~UAISubsystem AIPerceptionSystem (00000268345BC680), frame # 4011
[2020.10.19-20.52.43:147][ 11]LogAISub: UAISubsystem::~UAISubsystem EnvQueryManager (00000268833C5800), frame # 4011
[2020.10.19-20.52.43:148][ 11]LogUObjectHash: Compacting FUObjectHashTables data took   1.00ms
[2020.10.19-20.52.43:149][ 11]LogPlayLevel: Creating play world package: /Game/Maps/UEDPIE_0_MainMenuMap
[2020.10.19-20.52.43:151][ 11]LogPlayLevel: PIE: StaticDuplicateObject took: (0.001204s)
[2020.10.19-20.52.43:152][ 11]LogAIModule: Creating AISystem for world MainMenuMap
[2020.10.19-20.52.43:152][ 11]LogAISub: UAISubsystem::UAISubsystem EnvQueryManager (00000268834D0400), frame # 4011
[2020.10.19-20.52.43:152][ 11]LogAISub: UAISubsystem::UAISubsystem AIPerceptionSystem (00000268345BD300), frame # 4011
[2020.10.19-20.52.43:152][ 11]LogPlayLevel: PIE: World Init took: (0.001182s)
[2020.10.19-20.52.43:152][ 11]LogPlayLevel: PIE: Created PIE world by copying editor world from /Game/Maps/MainMenuMap.MainMenuMap to /Game/Maps/UEDPIE_0_MainMenuMap.MainMenuMap (0.002569s)
[2020.10.19-20.52.43:152][ 11]LogLoad: Game class is 'GameModeBase'
[2020.10.19-20.52.43:153][ 11]LogWorld: Bringing World /Game/Maps/UEDPIE_0_MainMenuMap.MainMenuMap up for play (max tick rate 0) at 2020.10.19-16.52.43
[2020.10.19-20.52.43:153][ 11]LogWorld: Bringing up level for play took: 0.000437
[2020.10.19-20.52.43:154][ 11]LogGameMode: FindPlayerStart: PATHS NOT DEFINED or NO PLAYERSTART with positive rating
[2020.10.19-20.52.43:155][ 11]LogLoad: Took 0.059069 seconds to LoadMap(/Game/Maps/UEDPIE_0_MainMenuMap)
[2020.10.19-20.52.43:836][ 90]LogGameMode: ProcessServerTravel: /Game/Maps/DefaultMap
[2020.10.19-20.52.43:838][ 90]LogEngine: Server switch level: /Game/Maps/DefaultMap
[2020.10.19-20.52.43:838][ 90]LogNet: Browse: /Game/Maps/DefaultMap
[2020.10.19-20.52.43:838][ 90]LogLoad: LoadMap: /Game/Maps/DefaultMap
[2020.10.19-20.52.43:838][ 90]LogWorld: BeginTearingDown for /Game/Maps/UEDPIE_0_MainMenuMap
[2020.10.19-20.52.43:839][ 90]LogWorld: UWorld::CleanupWorld for MainMenuMap, bSessionEnded=true, bCleanupResources=true
[2020.10.19-20.52.43:839][ 90]LogSlate: InvalidateAllWidgets triggered.  All widgets were invalidated
[2020.10.19-20.52.43:895][ 90]LogAISub: UAISubsystem::~UAISubsystem AIPerceptionSystem (00000268345BD300), frame # 4090
[2020.10.19-20.52.43:895][ 90]LogAISub: UAISubsystem::~UAISubsystem EnvQueryManager (00000268834D0400), frame # 4090
[2020.10.19-20.52.43:896][ 90]LogUObjectHash: Compacting FUObjectHashTables data took   0.97ms
[2020.10.19-20.52.43:937][ 90]LogAIModule: Creating AISystem for world DefaultMap
[2020.10.19-20.52.43:938][ 90]LogAISub: UAISubsystem::UAISubsystem EnvQueryManager (0000026851232000), frame # 4090
[2020.10.19-20.52.43:938][ 90]LogAISub: UAISubsystem::UAISubsystem AIPerceptionSystem (0000026834CFB880), frame # 4090
[2020.10.19-20.52.43:938][ 90]LogLoad: Game class is 'BP_MainGameMode_C'
[2020.10.19-20.52.43:941][ 90]LogWorld: Bringing World /Game/Maps/UEDPIE_0_DefaultMap.DefaultMap up for play (max tick rate 0) at 2020.10.19-16.52.43
[2020.10.19-20.52.43:941][ 90]LogWorld: Bringing up level for play took: 0.002387
[2020.10.19-20.52.43:943][ 90]LogTemp: Warning: I am loading a save! (not really)
[2020.10.19-20.52.43:944][ 90]LogTemp: Warning: TurretSaveData.Num : 0
[2020.10.19-20.52.43:944][ 90]LogTemp: Warning: EnemySaveDatas.Num : 0
[2020.10.19-20.52.43:944][ 90]LogTemp: Warning: ResourceDropSaveDatas.Num : 3
[2020.10.19-20.52.43:944][ 90]LogTemp: Warning: I should be creating a turret...
[2020.10.19-20.52.43:944][ 90]LogTemp: Warning: I should be creating a turret...
[2020.10.19-20.52.43:944][ 90]LogTemp: Warning: I should be creating a turret...
[2020.10.19-20.52.43:945][ 90]LogLoad: Took 0.107374 seconds to LoadMap(/Game/Maps/DefaultMap)
[2020.10.19-20.52.45:356][254]LogSlate: Updating window title bar state: overlay mode, drag disabled, window buttons hidden, title bar hidden
[2020.10.19-20.52.45:356][254]LogWorld: BeginTearingDown for /Game/Maps/UEDPIE_0_DefaultMap
[2020.10.19-20.52.45:356][254]LogWorld: UWorld::CleanupWorld for DefaultMap, bSessionEnded=true, bCleanupResources=true
[2020.10.19-20.52.45:357][254]LogSlate: InvalidateAllWidgets triggered.  All widgets were invalidated
[2020.10.19-20.52.45:367][254]LogPlayLevel: Display: Shutting down PIE online subsystems
[2020.10.19-20.52.45:369][254]LogSlate: InvalidateAllWidgets triggered.  All widgets were invalidated
[2020.10.19-20.52.45:406][254]LogSlate: Updating window title bar state: overlay mode, drag disabled, window buttons hidden, title bar hidden
[2020.10.19-20.52.45:408][254]LogAISub: UAISubsystem::~UAISubsystem AIPerceptionSystem (0000026834CFB880), frame # 4254
[2020.10.19-20.52.45:408][254]LogAISub: UAISubsystem::~UAISubsystem EnvQueryManager (0000026851232000), frame # 4254
[2020.10.19-20.52.45:409][254]LogUObjectHash: Compacting FUObjectHashTables data took   1.02ms
[2020.10.19-20.52.45:440][255]LogPlayLevel: Display: Destroying online subsystem :Context_3
[2020.10.19-20.52.46:917][426]LogUObjectHash: Compacting FUObjectHashTables data took   0.93ms
[2020.10.19-20.52.46:975][426]LogSavePackage: Moving '../../../../../../Users/troy/Documents/Repositories/Githubslabs/CIT419Capstone/Capstone/Saved/MainMenuMap1ACDB5404C4E456B41B19FB3B28D2EBD.tmp' to '../../../../../../Users/troy/Documents/Repositories/Githubslabs/CIT419Capstone/Capstone/Content/Maps/MainMenuMap.umap'
[2020.10.19-20.52.47:031][426]AssetCheck: New page: Asset Save: MainMenuMap
[2020.10.19-20.52.47:031][426]LogContentValidation: Display: Validating World /Game/Maps/MainMenuMap.MainMenuMap
